#
# There is insufficient memory for the Java Runtime Environment to continue.
# Native memory allocation (malloc) failed to allocate 313824 bytes for Chunk::new
# Possible reasons:
#   The system is out of physical RAM or swap space
#   The process is running with CompressedOops enabled, and the Java Heap may be blocking the growth of the native heap
# Possible solutions:
#   Reduce memory load on the system
#   Increase physical memory or swap space
#   Check if swap backing store is full
#   Decrease Java heap size (-Xmx/-Xms)
#   Decrease number of Java threads
#   Decrease Java thread stack sizes (-Xss)
#   Set larger code cache with -XX:ReservedCodeCacheSize=
#   JVM is running with Unscaled Compressed Oops mode in which the Java heap is
#     placed in the first 4GB address space. The Java Heap base address is the
#     maximum limit for the native heap growth. Please use -XX:HeapBaseMinAddress
#     to set the Java Heap base and to place the Java Heap above 4GB virtual address.
# This output file may be truncated or incomplete.
#
#  Out of Memory Error (arena.cpp:189), pid=2324, tid=11776
#
# JRE version: Java(TM) SE Runtime Environment (17.0.6+9) (build 17.0.6+9-LTS-190)
# Java VM: Java HotSpot(TM) 64-Bit Server VM (17.0.6+9-LTS-190, mixed mode, sharing, tiered, compressed oops, compressed class ptrs, g1 gc, windows-amd64)
# No core dump will be written. Minidumps are not enabled by default on client versions of Windows
#

---------------  S U M M A R Y ------------

Command Line: -Dfile.encoding=UTF-8 -XX:+ShowCodeDetailsInExceptionMessages test.Main

Host: Intel(R) Core(TM) i5-4300M CPU @ 2.60GHz, 2 cores, 5G,  Windows 10 , 64 bit Build 19041 (10.0.19041.2788)
Time: Sun Apr 16 00:08:59 2023 SE Asia Standard Time elapsed time: 0.539274 seconds (0d 0h 0m 0s)

---------------  T H R E A D  ---------------

Current thread (0x000001c81f4302e0):  JavaThread "C2 CompilerThread0" daemon [_thread_in_native, id=11776, stack(0x000000b0a6500000,0x000000b0a6600000)]


Current CompileTask:
C2:    539  618 % !   4       sun.awt.image.PNGImageDecoder::produceImage @ 960 (1917 bytes)

Stack: [0x000000b0a6500000,0x000000b0a6600000]
Native frames: (J=compiled Java code, j=interpreted, Vv=VM code, C=native code)
V  [jvm.dll+0x6734ea]
V  [jvm.dll+0x7d18f4]
V  [jvm.dll+0x7d309e]
V  [jvm.dll+0x7d3703]
V  [jvm.dll+0x2433c5]
V  [jvm.dll+0xaa46b]
V  [jvm.dll+0xaaa0c]
V  [jvm.dll+0x35eb2e]
V  [jvm.dll+0x1b986a]
V  [jvm.dll+0x215f37]
V  [jvm.dll+0x215211]
V  [jvm.dll+0x1a1730]
V  [jvm.dll+0x224b6e]
V  [jvm.dll+0x222f15]
V  [jvm.dll+0x78753c]
V  [jvm.dll+0x781a7a]
V  [jvm.dll+0x672375]
C  [ucrtbase.dll+0x21bb2]
C  [KERNEL32.DLL+0x17604]
C  [ntdll.dll+0x526a1]


---------------  P R O C E S S  ---------------

Threads class SMR info:
_java_thread_list=0x000001c8202dcd60, length=16, elements={
0x000001c803329a70, 0x000001c803407b70, 0x000001c803409590, 0x000001c81f428ad0,
0x000001c81f42e4c0, 0x000001c81f42ed80, 0x000001c81f42f640, 0x000001c81f4302e0,
0x000001c81f494ae0, 0x000001c81f4b1780, 0x000001c820062f40, 0x000001c8200784c0,
0x000001c82026f430, 0x000001c82026fc50, 0x000001c8202aa1e0, 0x000001c8202ee4e0
}

Java Threads: ( => current thread )
  0x000001c803329a70 JavaThread "main" [_thread_in_vm, id=8428, stack(0x000000b0a5800000,0x000000b0a5900000)]
  0x000001c803407b70 JavaThread "Reference Handler" daemon [_thread_blocked, id=10484, stack(0x000000b0a5f00000,0x000000b0a6000000)]
  0x000001c803409590 JavaThread "Finalizer" daemon [_thread_blocked, id=7172, stack(0x000000b0a6000000,0x000000b0a6100000)]
  0x000001c81f428ad0 JavaThread "Signal Dispatcher" daemon [_thread_blocked, id=11624, stack(0x000000b0a6100000,0x000000b0a6200000)]
  0x000001c81f42e4c0 JavaThread "Attach Listener" daemon [_thread_blocked, id=7212, stack(0x000000b0a6200000,0x000000b0a6300000)]
  0x000001c81f42ed80 JavaThread "Service Thread" daemon [_thread_blocked, id=12576, stack(0x000000b0a6300000,0x000000b0a6400000)]
  0x000001c81f42f640 JavaThread "Monitor Deflation Thread" daemon [_thread_blocked, id=4724, stack(0x000000b0a6400000,0x000000b0a6500000)]
=>0x000001c81f4302e0 JavaThread "C2 CompilerThread0" daemon [_thread_in_native, id=11776, stack(0x000000b0a6500000,0x000000b0a6600000)]
  0x000001c81f494ae0 JavaThread "C1 CompilerThread0" daemon [_thread_blocked, id=11272, stack(0x000000b0a6600000,0x000000b0a6700000)]
  0x000001c81f4b1780 JavaThread "Sweeper thread" daemon [_thread_blocked, id=11348, stack(0x000000b0a6700000,0x000000b0a6800000)]
  0x000001c820062f40 JavaThread "Notification Thread" daemon [_thread_blocked, id=10816, stack(0x000000b0a6800000,0x000000b0a6900000)]
  0x000001c8200784c0 JavaThread "Common-Cleaner" daemon [_thread_blocked, id=688, stack(0x000000b0a6a00000,0x000000b0a6b00000)]
  0x000001c82026f430 JavaThread "Java2D Disposer" daemon [_thread_blocked, id=10752, stack(0x000000b0a6b00000,0x000000b0a6c00000)]
  0x000001c82026fc50 JavaThread "AWT-Shutdown" [_thread_blocked, id=10132, stack(0x000000b0a6c00000,0x000000b0a6d00000)]
  0x000001c8202aa1e0 JavaThread "AWT-Windows" daemon [_thread_in_native, id=2456, stack(0x000000b0a6d00000,0x000000b0a6e00000)]
  0x000001c8202ee4e0 JavaThread "Image Fetcher 0" daemon [_thread_blocked, id=12732, stack(0x000000b0a6e00000,0x000000b0a6f00000)]

Other Threads:
  0x000001c8033ff0b0 VMThread "VM Thread" [stack: 0x000000b0a5e00000,0x000000b0a5f00000] [id=8924]
  0x000001c820069430 WatcherThread [stack: 0x000000b0a6900000,0x000000b0a6a00000] [id=9176]
  0x000001c803375be0 GCTaskThread "GC Thread#0" [stack: 0x000000b0a5900000,0x000000b0a5a00000] [id=1072]
  0x000001c820834060 GCTaskThread "GC Thread#1" [stack: 0x000000b0a6f00000,0x000000b0a7000000] [id=2704]
  0x000001c8033836c0 ConcurrentGCThread "G1 Main Marker" [stack: 0x000000b0a5a00000,0x000000b0a5b00000] [id=8080]
  0x000001c8033848c0 ConcurrentGCThread "G1 Conc#0" [stack: 0x000000b0a5b00000,0x000000b0a5c00000] [id=6688]
  0x000001c8033df2a0 ConcurrentGCThread "G1 Refine#0" [stack: 0x000000b0a5c00000,0x000000b0a5d00000] [id=5436]
  0x000001c8203fecf0 ConcurrentGCThread "G1 Refine#1" [stack: 0x000000b0a7000000,0x000000b0a7100000] [id=9240]
  0x000001c8033e04b0 ConcurrentGCThread "G1 Service" [stack: 0x000000b0a5d00000,0x000000b0a5e00000] [id=11448]

Threads with active compile tasks:
C2 CompilerThread0      571  618 % !   4       sun.awt.image.PNGImageDecoder::produceImage @ 960 (1917 bytes)

VM state: not at safepoint (normal execution)

VM Mutex/Monitor currently owned by a thread: None

Heap address: 0x00000000a1c00000, size: 1508 MB, Compressed Oops mode: 32-bit

CDS archive(s) mapped at: [0x0000000800000000-0x0000000800bd0000-0x0000000800bd0000), size 12386304, SharedBaseAddress: 0x0000000800000000, ArchiveRelocationMode: 0.
Compressed class space mapped at: 0x0000000800c00000-0x0000000840c00000, reserved size: 1073741824
Narrow klass base: 0x0000000800000000, Narrow klass shift: 0, Narrow klass range: 0x100000000

GC Precious Log:
 CPUs: 2 total, 2 available
 Memory: 6025M
 Large Page Support: Disabled
 NUMA Support: Disabled
 Compressed Oops: Enabled (32-bit)
 Heap Region Size: 1M
 Heap Min Capacity: 8M
 Heap Initial Capacity: 96M
 Heap Max Capacity: 1508M
 Pre-touch: Disabled
 Parallel Workers: 2
 Concurrent Workers: 1
 Concurrent Refinement Workers: 2
 Periodic GC: Disabled

Heap:
 garbage-first heap   total 98304K, used 4244K [0x00000000a1c00000, 0x0000000100000000)
  region size 1024K, 2 young (2048K), 1 survivors (1024K)
 Metaspace       used 5571K, committed 5760K, reserved 1056768K
  class space    used 621K, committed 704K, reserved 1048576K

Heap Regions: E=young(eden), S=young(survivor), O=old, HS=humongous(starts), HC=humongous(continues), CS=collection set, F=free, OA=open archive, CA=closed archive, TAMS=top-at-mark-start (previous, next)
|   0|0x00000000a1c00000, 0x00000000a1d00000, 0x00000000a1d00000|100%|HS|  |TAMS 0x00000000a1c00000, 0x00000000a1c00000| Complete 
|   1|0x00000000a1d00000, 0x00000000a1e00000, 0x00000000a1e00000|100%|HC|  |TAMS 0x00000000a1d00000, 0x00000000a1d00000| Complete 
|   2|0x00000000a1e00000, 0x00000000a1f00000, 0x00000000a1f00000|100%| O|  |TAMS 0x00000000a1e00000, 0x00000000a1e00000| Untracked 
|   3|0x00000000a1f00000, 0x00000000a1f25200, 0x00000000a2000000| 14%| O|  |TAMS 0x00000000a1f00000, 0x00000000a1f00000| Untracked 
|   4|0x00000000a2000000, 0x00000000a2000000, 0x00000000a2100000|  0%| F|  |TAMS 0x00000000a2000000, 0x00000000a2000000| Untracked 
|   5|0x00000000a2100000, 0x00000000a2100000, 0x00000000a2200000|  0%| F|  |TAMS 0x00000000a2100000, 0x00000000a2100000| Untracked 
|   6|0x00000000a2200000, 0x00000000a2200000, 0x00000000a2300000|  0%| F|  |TAMS 0x00000000a2200000, 0x00000000a2200000| Untracked 
|   7|0x00000000a2300000, 0x00000000a2300000, 0x00000000a2400000|  0%| F|  |TAMS 0x00000000a2300000, 0x00000000a2300000| Untracked 
|   8|0x00000000a2400000, 0x00000000a2400000, 0x00000000a2500000|  0%| F|  |TAMS 0x00000000a2400000, 0x00000000a2400000| Untracked 
|   9|0x00000000a2500000, 0x00000000a2500000, 0x00000000a2600000|  0%| F|  |TAMS 0x00000000a2500000, 0x00000000a2500000| Untracked 
|  10|0x00000000a2600000, 0x00000000a2600000, 0x00000000a2700000|  0%| F|  |TAMS 0x00000000a2600000, 0x00000000a2600000| Untracked 
|  11|0x00000000a2700000, 0x00000000a2700000, 0x00000000a2800000|  0%| F|  |TAMS 0x00000000a2700000, 0x00000000a2700000| Untracked 
|  12|0x00000000a2800000, 0x00000000a2800000, 0x00000000a2900000|  0%| F|  |TAMS 0x00000000a2800000, 0x00000000a2800000| Untracked 
|  13|0x00000000a2900000, 0x00000000a2900000, 0x00000000a2a00000|  0%| F|  |TAMS 0x00000000a2900000, 0x00000000a2900000| Untracked 
|  14|0x00000000a2a00000, 0x00000000a2a00000, 0x00000000a2b00000|  0%| F|  |TAMS 0x00000000a2a00000, 0x00000000a2a00000| Untracked 
|  15|0x00000000a2b00000, 0x00000000a2b00000, 0x00000000a2c00000|  0%| F|  |TAMS 0x00000000a2b00000, 0x00000000a2b00000| Untracked 
|  16|0x00000000a2c00000, 0x00000000a2c00000, 0x00000000a2d00000|  0%| F|  |TAMS 0x00000000a2c00000, 0x00000000a2c00000| Untracked 
|  17|0x00000000a2d00000, 0x00000000a2d00000, 0x00000000a2e00000|  0%| F|  |TAMS 0x00000000a2d00000, 0x00000000a2d00000| Untracked 
|  18|0x00000000a2e00000, 0x00000000a2e00000, 0x00000000a2f00000|  0%| F|  |TAMS 0x00000000a2e00000, 0x00000000a2e00000| Untracked 
|  19|0x00000000a2f00000, 0x00000000a2f00000, 0x00000000a3000000|  0%| F|  |TAMS 0x00000000a2f00000, 0x00000000a2f00000| Untracked 
|  20|0x00000000a3000000, 0x00000000a3000000, 0x00000000a3100000|  0%| F|  |TAMS 0x00000000a3000000, 0x00000000a3000000| Untracked 
|  21|0x00000000a3100000, 0x00000000a3100000, 0x00000000a3200000|  0%| F|  |TAMS 0x00000000a3100000, 0x00000000a3100000| Untracked 
|  22|0x00000000a3200000, 0x00000000a3200000, 0x00000000a3300000|  0%| F|  |TAMS 0x00000000a3200000, 0x00000000a3200000| Untracked 
|  23|0x00000000a3300000, 0x00000000a3300000, 0x00000000a3400000|  0%| F|  |TAMS 0x00000000a3300000, 0x00000000a3300000| Untracked 
|  24|0x00000000a3400000, 0x00000000a3400000, 0x00000000a3500000|  0%| F|  |TAMS 0x00000000a3400000, 0x00000000a3400000| Untracked 
|  25|0x00000000a3500000, 0x00000000a3500000, 0x00000000a3600000|  0%| F|  |TAMS 0x00000000a3500000, 0x00000000a3500000| Untracked 
|  26|0x00000000a3600000, 0x00000000a3600000, 0x00000000a3700000|  0%| F|  |TAMS 0x00000000a3600000, 0x00000000a3600000| Untracked 
|  27|0x00000000a3700000, 0x00000000a3700000, 0x00000000a3800000|  0%| F|  |TAMS 0x00000000a3700000, 0x00000000a3700000| Untracked 
|  28|0x00000000a3800000, 0x00000000a3800000, 0x00000000a3900000|  0%| F|  |TAMS 0x00000000a3800000, 0x00000000a3800000| Untracked 
|  29|0x00000000a3900000, 0x00000000a3900000, 0x00000000a3a00000|  0%| F|  |TAMS 0x00000000a3900000, 0x00000000a3900000| Untracked 
|  30|0x00000000a3a00000, 0x00000000a3a00000, 0x00000000a3b00000|  0%| F|  |TAMS 0x00000000a3a00000, 0x00000000a3a00000| Untracked 
|  31|0x00000000a3b00000, 0x00000000a3b00000, 0x00000000a3c00000|  0%| F|  |TAMS 0x00000000a3b00000, 0x00000000a3b00000| Untracked 
|  32|0x00000000a3c00000, 0x00000000a3c00000, 0x00000000a3d00000|  0%| F|  |TAMS 0x00000000a3c00000, 0x00000000a3c00000| Untracked 
|  33|0x00000000a3d00000, 0x00000000a3d00000, 0x00000000a3e00000|  0%| F|  |TAMS 0x00000000a3d00000, 0x00000000a3d00000| Untracked 
|  34|0x00000000a3e00000, 0x00000000a3e00000, 0x00000000a3f00000|  0%| F|  |TAMS 0x00000000a3e00000, 0x00000000a3e00000| Untracked 
|  35|0x00000000a3f00000, 0x00000000a3f00000, 0x00000000a4000000|  0%| F|  |TAMS 0x00000000a3f00000, 0x00000000a3f00000| Untracked 
|  36|0x00000000a4000000, 0x00000000a4000000, 0x00000000a4100000|  0%| F|  |TAMS 0x00000000a4000000, 0x00000000a4000000| Untracked 
|  37|0x00000000a4100000, 0x00000000a4100000, 0x00000000a4200000|  0%| F|  |TAMS 0x00000000a4100000, 0x00000000a4100000| Untracked 
|  38|0x00000000a4200000, 0x00000000a4200000, 0x00000000a4300000|  0%| F|  |TAMS 0x00000000a4200000, 0x00000000a4200000| Untracked 
|  39|0x00000000a4300000, 0x00000000a4300000, 0x00000000a4400000|  0%| F|  |TAMS 0x00000000a4300000, 0x00000000a4300000| Untracked 
|  40|0x00000000a4400000, 0x00000000a4400000, 0x00000000a4500000|  0%| F|  |TAMS 0x00000000a4400000, 0x00000000a4400000| Untracked 
|  41|0x00000000a4500000, 0x00000000a4500000, 0x00000000a4600000|  0%| F|  |TAMS 0x00000000a4500000, 0x00000000a4500000| Untracked 
|  42|0x00000000a4600000, 0x00000000a4600000, 0x00000000a4700000|  0%| F|  |TAMS 0x00000000a4600000, 0x00000000a4600000| Untracked 
|  43|0x00000000a4700000, 0x00000000a4700000, 0x00000000a4800000|  0%| F|  |TAMS 0x00000000a4700000, 0x00000000a4700000| Untracked 
|  44|0x00000000a4800000, 0x00000000a4800000, 0x00000000a4900000|  0%| F|  |TAMS 0x00000000a4800000, 0x00000000a4800000| Untracked 
|  45|0x00000000a4900000, 0x00000000a4900000, 0x00000000a4a00000|  0%| F|  |TAMS 0x00000000a4900000, 0x00000000a4900000| Untracked 
|  46|0x00000000a4a00000, 0x00000000a4a00000, 0x00000000a4b00000|  0%| F|  |TAMS 0x00000000a4a00000, 0x00000000a4a00000| Untracked 
|  47|0x00000000a4b00000, 0x00000000a4b00000, 0x00000000a4c00000|  0%| F|  |TAMS 0x00000000a4b00000, 0x00000000a4b00000| Untracked 
|  48|0x00000000a4c00000, 0x00000000a4c00000, 0x00000000a4d00000|  0%| F|  |TAMS 0x00000000a4c00000, 0x00000000a4c00000| Untracked 
|  49|0x00000000a4d00000, 0x00000000a4d00000, 0x00000000a4e00000|  0%| F|  |TAMS 0x00000000a4d00000, 0x00000000a4d00000| Untracked 
|  50|0x00000000a4e00000, 0x00000000a4e00000, 0x00000000a4f00000|  0%| F|  |TAMS 0x00000000a4e00000, 0x00000000a4e00000| Untracked 
|  51|0x00000000a4f00000, 0x00000000a4f00000, 0x00000000a5000000|  0%| F|  |TAMS 0x00000000a4f00000, 0x00000000a4f00000| Untracked 
|  52|0x00000000a5000000, 0x00000000a5000000, 0x00000000a5100000|  0%| F|  |TAMS 0x00000000a5000000, 0x00000000a5000000| Untracked 
|  53|0x00000000a5100000, 0x00000000a5100000, 0x00000000a5200000|  0%| F|  |TAMS 0x00000000a5100000, 0x00000000a5100000| Untracked 
|  54|0x00000000a5200000, 0x00000000a5200000, 0x00000000a5300000|  0%| F|  |TAMS 0x00000000a5200000, 0x00000000a5200000| Untracked 
|  55|0x00000000a5300000, 0x00000000a5300000, 0x00000000a5400000|  0%| F|  |TAMS 0x00000000a5300000, 0x00000000a5300000| Untracked 
|  56|0x00000000a5400000, 0x00000000a5400000, 0x00000000a5500000|  0%| F|  |TAMS 0x00000000a5400000, 0x00000000a5400000| Untracked 
|  57|0x00000000a5500000, 0x00000000a5500000, 0x00000000a5600000|  0%| F|  |TAMS 0x00000000a5500000, 0x00000000a5500000| Untracked 
|  58|0x00000000a5600000, 0x00000000a5600000, 0x00000000a5700000|  0%| F|  |TAMS 0x00000000a5600000, 0x00000000a5600000| Untracked 
|  59|0x00000000a5700000, 0x00000000a5700000, 0x00000000a5800000|  0%| F|  |TAMS 0x00000000a5700000, 0x00000000a5700000| Untracked 
|  60|0x00000000a5800000, 0x00000000a5800000, 0x00000000a5900000|  0%| F|  |TAMS 0x00000000a5800000, 0x00000000a5800000| Untracked 
|  61|0x00000000a5900000, 0x00000000a5900000, 0x00000000a5a00000|  0%| F|  |TAMS 0x00000000a5900000, 0x00000000a5900000| Untracked 
|  62|0x00000000a5a00000, 0x00000000a5a00000, 0x00000000a5b00000|  0%| F|  |TAMS 0x00000000a5a00000, 0x00000000a5a00000| Untracked 
|  63|0x00000000a5b00000, 0x00000000a5b00000, 0x00000000a5c00000|  0%| F|  |TAMS 0x00000000a5b00000, 0x00000000a5b00000| Untracked 
|  64|0x00000000a5c00000, 0x00000000a5c00000, 0x00000000a5d00000|  0%| F|  |TAMS 0x00000000a5c00000, 0x00000000a5c00000| Untracked 
|  65|0x00000000a5d00000, 0x00000000a5d00000, 0x00000000a5e00000|  0%| F|  |TAMS 0x00000000a5d00000, 0x00000000a5d00000| Untracked 
|  66|0x00000000a5e00000, 0x00000000a5e00000, 0x00000000a5f00000|  0%| F|  |TAMS 0x00000000a5e00000, 0x00000000a5e00000| Untracked 
|  67|0x00000000a5f00000, 0x00000000a5f00000, 0x00000000a6000000|  0%| F|  |TAMS 0x00000000a5f00000, 0x00000000a5f00000| Untracked 
|  68|0x00000000a6000000, 0x00000000a6000000, 0x00000000a6100000|  0%| F|  |TAMS 0x00000000a6000000, 0x00000000a6000000| Untracked 
|  69|0x00000000a6100000, 0x00000000a6100000, 0x00000000a6200000|  0%| F|  |TAMS 0x00000000a6100000, 0x00000000a6100000| Untracked 
|  70|0x00000000a6200000, 0x00000000a6200000, 0x00000000a6300000|  0%| F|  |TAMS 0x00000000a6200000, 0x00000000a6200000| Untracked 
|  71|0x00000000a6300000, 0x00000000a6300000, 0x00000000a6400000|  0%| F|  |TAMS 0x00000000a6300000, 0x00000000a6300000| Untracked 
|  72|0x00000000a6400000, 0x00000000a6400000, 0x00000000a6500000|  0%| F|  |TAMS 0x00000000a6400000, 0x00000000a6400000| Untracked 
|  73|0x00000000a6500000, 0x00000000a6500000, 0x00000000a6600000|  0%| F|  |TAMS 0x00000000a6500000, 0x00000000a6500000| Untracked 
|  74|0x00000000a6600000, 0x00000000a6600000, 0x00000000a6700000|  0%| F|  |TAMS 0x00000000a6600000, 0x00000000a6600000| Untracked 
|  75|0x00000000a6700000, 0x00000000a6700000, 0x00000000a6800000|  0%| F|  |TAMS 0x00000000a6700000, 0x00000000a6700000| Untracked 
|  76|0x00000000a6800000, 0x00000000a6800000, 0x00000000a6900000|  0%| F|  |TAMS 0x00000000a6800000, 0x00000000a6800000| Untracked 
|  77|0x00000000a6900000, 0x00000000a6900000, 0x00000000a6a00000|  0%| F|  |TAMS 0x00000000a6900000, 0x00000000a6900000| Untracked 
|  78|0x00000000a6a00000, 0x00000000a6a00000, 0x00000000a6b00000|  0%| F|  |TAMS 0x00000000a6a00000, 0x00000000a6a00000| Untracked 
|  79|0x00000000a6b00000, 0x00000000a6b00000, 0x00000000a6c00000|  0%| F|  |TAMS 0x00000000a6b00000, 0x00000000a6b00000| Untracked 
|  80|0x00000000a6c00000, 0x00000000a6c00000, 0x00000000a6d00000|  0%| F|  |TAMS 0x00000000a6c00000, 0x00000000a6c00000| Untracked 
|  81|0x00000000a6d00000, 0x00000000a6d00000, 0x00000000a6e00000|  0%| F|  |TAMS 0x00000000a6d00000, 0x00000000a6d00000| Untracked 
|  82|0x00000000a6e00000, 0x00000000a6e00000, 0x00000000a6f00000|  0%| F|  |TAMS 0x00000000a6e00000, 0x00000000a6e00000| Untracked 
|  83|0x00000000a6f00000, 0x00000000a6f00000, 0x00000000a7000000|  0%| F|  |TAMS 0x00000000a6f00000, 0x00000000a6f00000| Untracked 
|  84|0x00000000a7000000, 0x00000000a7000000, 0x00000000a7100000|  0%| F|  |TAMS 0x00000000a7000000, 0x00000000a7000000| Untracked 
|  85|0x00000000a7100000, 0x00000000a7100000, 0x00000000a7200000|  0%| F|  |TAMS 0x00000000a7100000, 0x00000000a7100000| Untracked 
|  86|0x00000000a7200000, 0x00000000a7200000, 0x00000000a7300000|  0%| F|  |TAMS 0x00000000a7200000, 0x00000000a7200000| Untracked 
|  87|0x00000000a7300000, 0x00000000a7300000, 0x00000000a7400000|  0%| F|  |TAMS 0x00000000a7300000, 0x00000000a7300000| Untracked 
|  88|0x00000000a7400000, 0x00000000a7400000, 0x00000000a7500000|  0%| F|  |TAMS 0x00000000a7400000, 0x00000000a7400000| Untracked 
|  89|0x00000000a7500000, 0x00000000a7600000, 0x00000000a7600000|100%| S|CS|TAMS 0x00000000a7500000, 0x00000000a7500000| Complete 
|  90|0x00000000a7600000, 0x00000000a7600000, 0x00000000a7700000|  0%| F|  |TAMS 0x00000000a7600000, 0x00000000a7600000| Untracked 
|  91|0x00000000a7700000, 0x00000000a7700000, 0x00000000a7800000|  0%| F|  |TAMS 0x00000000a7700000, 0x00000000a7700000| Untracked 
|  92|0x00000000a7800000, 0x00000000a7800000, 0x00000000a7900000|  0%| F|  |TAMS 0x00000000a7800000, 0x00000000a7800000| Untracked 
|  93|0x00000000a7900000, 0x00000000a7900000, 0x00000000a7a00000|  0%| F|  |TAMS 0x00000000a7900000, 0x00000000a7900000| Untracked 
|  94|0x00000000a7a00000, 0x00000000a7a00000, 0x00000000a7b00000|  0%| F|  |TAMS 0x00000000a7a00000, 0x00000000a7a00000| Untracked 
|  95|0x00000000a7b00000, 0x00000000a7b59bd8, 0x00000000a7c00000| 35%| E|  |TAMS 0x00000000a7b00000, 0x00000000a7b00000| Complete 

Card table byte_map: [0x000001c819bc0000,0x000001c819ec0000] _byte_map_base: 0x000001c8196b2000

Marking Bits (Prev, Next): (CMBitMap*) 0x000001c803377110, (CMBitMap*) 0x000001c803377150
 Prev Bits: [0x000001c81a1c0000, 0x000001c81b950000)
 Next Bits: [0x000001c81b950000, 0x000001c81d0e0000)

Polling page: 0x000001c801290000

Metaspace:

Usage:
  Non-class:      4.85 MB used.
      Class:    623.49 KB used.
       Both:      5.46 MB used.

Virtual space:
  Non-class space:        8.00 MB reserved,       4.94 MB ( 62%) committed,  1 nodes.
      Class space:        1.00 GB reserved,     704.00 KB ( <1%) committed,  1 nodes.
             Both:        1.01 GB reserved,       5.62 MB ( <1%) committed. 

Chunk freelists:
   Non-Class:  2.90 MB
       Class:  3.25 MB
        Both:  6.15 MB

MaxMetaspaceSize: unlimited
CompressedClassSpaceSize: 1.00 GB
Initial GC threshold: 21.00 MB
Current GC threshold: 21.00 MB
CDS: on
MetaspaceReclaimPolicy: balanced
 - commit_granule_bytes: 65536.
 - commit_granule_words: 8192.
 - virtual_space_node_default_size: 1048576.
 - enlarge_chunks_in_place: 1.
 - new_chunks_are_fully_committed: 0.
 - uncommit_free_chunks: 1.
 - use_allocation_guard: 0.
 - handle_deallocations: 1.


Internal statistics:

num_allocs_failed_limit: 0.
num_arena_births: 100.
num_arena_deaths: 0.
num_vsnodes_births: 2.
num_vsnodes_deaths: 0.
num_space_committed: 90.
num_space_uncommitted: 0.
num_chunks_returned_to_freelist: 0.
num_chunks_taken_from_freelist: 136.
num_chunk_merges: 0.
num_chunk_splits: 74.
num_chunks_enlarged: 20.
num_purges: 0.
num_inconsistent_stats: 0.

CodeHeap 'non-profiled nmethods': size=120064Kb used=174Kb max_used=174Kb free=119889Kb
 bounds [0x000001c812680000, 0x000001c8128f0000, 0x000001c819bc0000]
CodeHeap 'profiled nmethods': size=120000Kb used=1193Kb max_used=1193Kb free=118806Kb
 bounds [0x000001c80abc0000, 0x000001c80ae30000, 0x000001c8120f0000]
CodeHeap 'non-nmethods': size=5696Kb used=1209Kb max_used=1217Kb free=4486Kb
 bounds [0x000001c8120f0000, 0x000001c812360000, 0x000001c812680000]
 total_blobs=1180 nmethods=663 adapters=430
 compilation: enabled
              stopped_count=0, restarted_count=0
 full_count=0

Compilation events (20 events):
Event: 0.496 Thread 0x000001c81f494ae0  637       3       sun.awt.image.IntegerInterleavedRaster::setDataElements (134 bytes)
Event: 0.496 Thread 0x000001c81f494ae0 nmethod 637 0x000001c80acddf10 code [0x000001c80acde100, 0x000001c80acde798]
Event: 0.498 Thread 0x000001c81f4302e0 nmethod 616% 0x000001c8126a8c10 code [0x000001c8126a8dc0, 0x000001c8126a98b8]
Event: 0.498 Thread 0x000001c81f4302e0  618 % !   4       sun.awt.image.PNGImageDecoder::produceImage @ 960 (1917 bytes)
Event: 0.500 Thread 0x000001c81f494ae0  639       3       sun.awt.image.ImageDecoder::setPixels (58 bytes)
Event: 0.501 Thread 0x000001c81f494ae0 nmethod 639 0x000001c80acdea10 code [0x000001c80acdec00, 0x000001c80acdf348]
Event: 0.501 Thread 0x000001c81f494ae0  640       3       sun.awt.image.ImageWatched$WeakLink::update (39 bytes)
Event: 0.502 Thread 0x000001c81f494ae0 nmethod 640 0x000001c80acdf690 code [0x000001c80acdf920, 0x000001c80ace0628]
Event: 0.502 Thread 0x000001c81f494ae0  641       3       sun.awt.image.ImageWatched$WeakLink::lambda$update$0 (19 bytes)
Event: 0.502 Thread 0x000001c81f494ae0 nmethod 641 0x000001c80ace0a90 code [0x000001c80ace0c40, 0x000001c80ace0ee8]
Event: 0.515 Thread 0x000001c81f494ae0  644   !   3       sun.awt.AppContext::get (123 bytes)
Event: 0.516 Thread 0x000001c81f494ae0 nmethod 644 0x000001c80ace1010 code [0x000001c80ace1220, 0x000001c80ace1c68]
Event: 0.517 Thread 0x000001c81f494ae0  645       3       sun.awt.AppContext::getAppContext (51 bytes)
Event: 0.517 Thread 0x000001c81f494ae0 nmethod 645 0x000001c80ace2010 code [0x000001c80ace2240, 0x000001c80ace2988]
Event: 0.519 Thread 0x000001c81f494ae0  646       1       java.beans.PropertyChangeEvent::getPropertyName (5 bytes)
Event: 0.519 Thread 0x000001c81f494ae0 nmethod 646 0x000001c8126aa610 code [0x000001c8126aa7a0, 0x000001c8126aa878]
Event: 0.520 Thread 0x000001c81f494ae0  647       3       java.lang.Enum::<init> (15 bytes)
Event: 0.520 Thread 0x000001c81f494ae0 nmethod 647 0x000001c80ace2c10 code [0x000001c80ace2da0, 0x000001c80ace2f58]
Event: 0.530 Thread 0x000001c81f494ae0  648       3       java.lang.StringConcatHelper::mix (27 bytes)
Event: 0.531 Thread 0x000001c81f494ae0 nmethod 648 0x000001c80ace3010 code [0x000001c80ace31e0, 0x000001c80ace3608]

GC Heap History (2 events):
Event: 0.505 GC heap before
{Heap before GC invocations=0 (full 0):
 garbage-first heap   total 98304K, used 8192K [0x00000000a1c00000, 0x0000000100000000)
  region size 1024K, 6 young (6144K), 0 survivors (0K)
 Metaspace       used 4598K, committed 4736K, reserved 1056768K
  class space    used 478K, committed 512K, reserved 1048576K
}
Event: 0.511 GC heap after
{Heap after GC invocations=1 (full 0):
 garbage-first heap   total 98304K, used 4244K [0x00000000a1c00000, 0x0000000100000000)
  region size 1024K, 1 young (1024K), 1 survivors (1024K)
 Metaspace       used 4598K, committed 4736K, reserved 1056768K
  class space    used 478K, committed 512K, reserved 1048576K
}

Deoptimization events (20 events):
Event: 0.499 Thread 0x000001c8202ee4e0 DEOPT PACKING pc=0x000001c80acbd4b9 sp=0x000000b0a6efed20
Event: 0.499 Thread 0x000001c8202ee4e0 DEOPT UNPACKING pc=0x000001c812142b43 sp=0x000000b0a6efe2a0 mode 0
Event: 0.501 Thread 0x000001c8202ee4e0 DEOPT PACKING pc=0x000001c80acbd4b9 sp=0x000000b0a6efed20
Event: 0.501 Thread 0x000001c8202ee4e0 DEOPT UNPACKING pc=0x000001c812142b43 sp=0x000000b0a6efe2a0 mode 0
Event: 0.502 Thread 0x000001c8202ee4e0 DEOPT PACKING pc=0x000001c80acbd4b9 sp=0x000000b0a6efed60
Event: 0.503 Thread 0x000001c8202ee4e0 DEOPT UNPACKING pc=0x000001c812142b43 sp=0x000000b0a6efe298 mode 0
Event: 0.503 Thread 0x000001c8202ee4e0 DEOPT PACKING pc=0x000001c80acbd4b9 sp=0x000000b0a6efed60
Event: 0.503 Thread 0x000001c8202ee4e0 DEOPT UNPACKING pc=0x000001c812142b43 sp=0x000000b0a6efe298 mode 0
Event: 0.503 Thread 0x000001c8202ee4e0 DEOPT PACKING pc=0x000001c80acbd4b9 sp=0x000000b0a6efed60
Event: 0.503 Thread 0x000001c8202ee4e0 DEOPT UNPACKING pc=0x000001c812142b43 sp=0x000000b0a6efe298 mode 0
Event: 0.504 Thread 0x000001c8202ee4e0 DEOPT PACKING pc=0x000001c80acbd4b9 sp=0x000000b0a6efed60
Event: 0.504 Thread 0x000001c8202ee4e0 DEOPT UNPACKING pc=0x000001c812142b43 sp=0x000000b0a6efe298 mode 0
Event: 0.504 Thread 0x000001c8202ee4e0 DEOPT PACKING pc=0x000001c80acbd4b9 sp=0x000000b0a6efed60
Event: 0.504 Thread 0x000001c8202ee4e0 DEOPT UNPACKING pc=0x000001c812142b43 sp=0x000000b0a6efe298 mode 0
Event: 0.505 Thread 0x000001c8202ee4e0 DEOPT PACKING pc=0x000001c80acbd4b9 sp=0x000000b0a6efed60
Event: 0.505 Thread 0x000001c8202ee4e0 DEOPT UNPACKING pc=0x000001c812142b43 sp=0x000000b0a6efe298 mode 0
Event: 0.514 Thread 0x000001c8202ee4e0 DEOPT PACKING pc=0x000001c80acbd4b9 sp=0x000000b0a6efed60
Event: 0.514 Thread 0x000001c8202ee4e0 DEOPT UNPACKING pc=0x000001c812142b43 sp=0x000000b0a6efe298 mode 0
Event: 0.514 Thread 0x000001c8202ee4e0 DEOPT PACKING pc=0x000001c80acbd4b9 sp=0x000000b0a6efed60
Event: 0.514 Thread 0x000001c8202ee4e0 DEOPT UNPACKING pc=0x000001c812142b43 sp=0x000000b0a6efe298 mode 0

Classes unloaded (0 events):
No events

Classes redefined (0 events):
No events

Internal exceptions (11 events):
Event: 0.110 Thread 0x000001c803329a70 Exception <a 'java/lang/ClassNotFoundException'{0x00000000a7bf7200}: sun/awt/resources/spi/awtProvider> (0x00000000a7bf7200) 
thrown [s\open\src\hotspot\share\classfile\systemDictionary.cpp, line 256]
Event: 0.142 Thread 0x000001c803329a70 Exception <a 'java/io/FileNotFoundException'{0x00000000a7a50bd8}> (0x00000000a7a50bd8) 
thrown [s\open\src\hotspot\share\prims\jni.cpp, line 516]
Event: 0.153 Thread 0x000001c803329a70 Exception <a 'java/io/FileNotFoundException'{0x00000000a7a7e568}> (0x00000000a7a7e568) 
thrown [s\open\src\hotspot\share\prims\jni.cpp, line 516]
Event: 0.205 Thread 0x000001c803329a70 Exception <a 'java/lang/NoSuchMethodError'{0x00000000a7ac8f20}: 'java.lang.Object java.lang.invoke.DirectMethodHandle$Holder.invokeStaticInit(java.lang.Object)'> (0x00000000a7ac8f20) 
thrown [s\open\src\hotspot\share\interpreter\linkResolver.cpp, line 759]
Event: 0.247 Thread 0x000001c803329a70 Exception <a 'java/lang/NoSuchMethodError'{0x00000000a7932360}: 'void java.lang.invoke.DirectMethodHandle$Holder.invokeSpecial(java.lang.Object, java.lang.Object, java.lang.Object)'> (0x00000000a7932360) 
thrown [s\open\src\hotspot\share\interpreter\linkResolver.cpp, line 759]
Event: 0.256 Thread 0x000001c803329a70 Exception <a 'java/lang/NoSuchMethodError'{0x00000000a795c758}: 'java.lang.Object java.lang.invoke.DirectMethodHandle$Holder.newInvokeSpecial(java.lang.Object, java.lang.Object, java.lang.Object, java.lang.Object, java.lang.Object)'> (0x00000000a795c758) 
thrown [s\open\src\hotspot\share\interpreter\linkResolver.cpp, line 759]
Event: 0.258 Thread 0x000001c803329a70 Exception <a 'java/lang/NoSuchMethodError'{0x00000000a79683a0}: 'java.lang.Object java.lang.invoke.DirectMethodHandle$Holder.invokeStatic(java.lang.Object, int, java.lang.Object, java.lang.Object, java.lang.Object, java.lang.Object)'> (0x00000000a79683a0) 
thrown [s\open\src\hotspot\share\interpreter\linkResolver.cpp, line 759]
Event: 0.265 Thread 0x000001c803329a70 Exception <a 'java/lang/NoSuchMethodError'{0x00000000a798de90}: 'java.lang.Object java.lang.invoke.DirectMethodHandle$Holder.invokeStatic(java.lang.Object, int, java.lang.Object)'> (0x00000000a798de90) 
thrown [s\open\src\hotspot\share\interpreter\linkResolver.cpp, line 759]
Event: 0.296 Thread 0x000001c803329a70 Exception <a 'java/lang/ClassNotFoundException'{0x00000000a7846d60}: com/sun/swing/internal/plaf/metal/resources/spi/metalProvider> (0x00000000a7846d60) 
thrown [s\open\src\hotspot\share\classfile\systemDictionary.cpp, line 256]
Event: 0.296 Thread 0x000001c803329a70 Exception <a 'java/lang/ClassNotFoundException'{0x00000000a784abe8}: com/sun/swing/internal/plaf/basic/resources/spi/basicProvider> (0x00000000a784abe8) 
thrown [s\open\src\hotspot\share\classfile\systemDictionary.cpp, line 256]
Event: 0.406 Thread 0x000001c8202ee4e0 Exception <a 'java/lang/NoSuchMethodError'{0x00000000a77feec8}: 'java.lang.Object java.lang.invoke.DirectMethodHandle$Holder.newInvokeSpecial(java.lang.Object, java.lang.Object, java.lang.Object, int, int, int, int, int)'> (0x00000000a77feec8) 
thrown [s\open\src\hotspot\share\interpreter\linkResolver.cpp, line 759]

VM Operations (4 events):
Event: 0.295 Executing VM operation: HandshakeAllThreads
Event: 0.295 Executing VM operation: HandshakeAllThreads done
Event: 0.505 Executing VM operation: G1CollectForAllocation
Event: 0.511 Executing VM operation: G1CollectForAllocation done

Events (20 events):
Event: 0.534 loading class javax/swing/text/DefaultHighlighter$DefaultHighlightPainter done
Event: 0.534 loading class javax/swing/text/DefaultHighlighter$SafeDamager
Event: 0.534 loading class javax/swing/text/DefaultHighlighter$SafeDamager done
Event: 0.534 loading class javax/swing/ClientPropertyKey
Event: 0.534 loading class javax/swing/ClientPropertyKey done
Event: 0.534 loading class javax/swing/ClientPropertyKey$1
Event: 0.534 loading class sun/awt/AWTAccessor$ClientPropertyKeyAccessor
Event: 0.534 loading class sun/awt/AWTAccessor$ClientPropertyKeyAccessor done
Event: 0.534 loading class javax/swing/ClientPropertyKey$1 done
Event: 0.534 loading class javax/swing/TransferHandler$SwingDropTarget
Event: 0.534 loading class java/awt/dnd/DropTarget
Event: 0.534 loading class java/awt/dnd/DropTargetListener
Event: 0.534 loading class java/awt/dnd/DropTargetListener done
Event: 0.534 loading class java/awt/dnd/DropTarget done
Event: 0.534 loading class javax/swing/TransferHandler$SwingDropTarget done
Event: 0.535 loading class java/awt/dnd/DropTargetContext
Event: 0.535 loading class java/awt/dnd/DropTargetContext done
Event: 0.535 loading class java/awt/dnd/DropTargetContext$1
Event: 0.535 loading class sun/awt/AWTAccessor$DropTargetContextAccessor
Event: 0.535 loading class sun/awt/AWTAccessor$DropTargetContextAccessor done


Dynamic libraries:
0x00007ff7403e0000 - 0x00007ff7403f0000 	C:\Program Files\Java\jdk-17\bin\javaw.exe
0x00007ffa74cd0000 - 0x00007ffa74ec8000 	C:\Windows\SYSTEM32\ntdll.dll
0x00007ffa72d30000 - 0x00007ffa72def000 	C:\Windows\System32\KERNEL32.DLL
0x00007ffa72580000 - 0x00007ffa7285a000 	C:\Windows\System32\KERNELBASE.dll
0x00007ffa72860000 - 0x00007ffa72960000 	C:\Windows\System32\ucrtbase.dll
0x00007ffa52af0000 - 0x00007ffa52b08000 	C:\Program Files\Java\jdk-17\bin\jli.dll
0x00007ffa745c0000 - 0x00007ffa7466e000 	C:\Windows\System32\ADVAPI32.dll
0x00007ffa73e10000 - 0x00007ffa73eae000 	C:\Windows\System32\msvcrt.dll
0x00007ffa737c0000 - 0x00007ffa7385c000 	C:\Windows\System32\sechost.dll
0x00007ffa742d0000 - 0x00007ffa743f6000 	C:\Windows\System32\RPCRT4.dll
0x00007ffa74880000 - 0x00007ffa74a1d000 	C:\Windows\System32\USER32.dll
0x00007ffa723e0000 - 0x00007ffa72402000 	C:\Windows\System32\win32u.dll
0x00007ffa74850000 - 0x00007ffa7487b000 	C:\Windows\System32\GDI32.dll
0x00007ffa72c20000 - 0x00007ffa72d30000 	C:\Windows\System32\gdi32full.dll
0x00007ffa72ac0000 - 0x00007ffa72b5d000 	C:\Windows\System32\msvcp_win.dll
0x00007ffa52ab0000 - 0x00007ffa52acb000 	C:\Program Files\Java\jdk-17\bin\VCRUNTIME140.dll
0x00007ffa62a30000 - 0x00007ffa62cca000 	C:\Windows\WinSxS\amd64_microsoft.windows.common-controls_6595b64144ccf1df_6.0.19041.1110_none_60b5254171f9507e\COMCTL32.dll
0x00007ffa64b30000 - 0x00007ffa64b3a000 	C:\Windows\SYSTEM32\VERSION.dll
0x00007ffa742a0000 - 0x00007ffa742d0000 	C:\Windows\System32\IMM32.DLL
0x00007ffa6cb50000 - 0x00007ffa6cb5c000 	C:\Program Files\Java\jdk-17\bin\vcruntime140_1.dll
0x00007ffa49f70000 - 0x00007ffa49ffe000 	C:\Program Files\Java\jdk-17\bin\msvcp140.dll
0x00007ffa3e590000 - 0x00007ffa3f167000 	C:\Program Files\Java\jdk-17\bin\server\jvm.dll
0x00007ffa74400000 - 0x00007ffa74408000 	C:\Windows\System32\PSAPI.DLL
0x00007ffa5f480000 - 0x00007ffa5f489000 	C:\Windows\SYSTEM32\WSOCK32.dll
0x00007ffa73930000 - 0x00007ffa7399b000 	C:\Windows\System32\WS2_32.dll
0x00007ffa62e10000 - 0x00007ffa62e37000 	C:\Windows\SYSTEM32\WINMM.dll
0x00007ffa702a0000 - 0x00007ffa702b2000 	C:\Windows\SYSTEM32\kernel.appcore.dll
0x00007ffa6ca40000 - 0x00007ffa6ca4a000 	C:\Program Files\Java\jdk-17\bin\jimage.dll
0x00007ffa5bbe0000 - 0x00007ffa5bdc4000 	C:\Windows\SYSTEM32\DBGHELP.DLL
0x00007ffa5a8e0000 - 0x00007ffa5a914000 	C:\Windows\SYSTEM32\dbgcore.DLL
0x00007ffa72440000 - 0x00007ffa724c2000 	C:\Windows\System32\bcryptPrimitives.dll
0x00007ffa51ed0000 - 0x00007ffa51ef5000 	C:\Program Files\Java\jdk-17\bin\java.dll
0x00007ffa47250000 - 0x00007ffa47327000 	C:\Program Files\Java\jdk-17\bin\jsvml.dll
0x00007ffa72df0000 - 0x00007ffa73534000 	C:\Windows\System32\SHELL32.dll
0x00007ffa704a0000 - 0x00007ffa70c33000 	C:\Windows\SYSTEM32\windows.storage.dll
0x00007ffa73f40000 - 0x00007ffa74294000 	C:\Windows\System32\combase.dll
0x00007ffa71e40000 - 0x00007ffa71e6e000 	C:\Windows\SYSTEM32\Wldp.dll
0x00007ffa736b0000 - 0x00007ffa7375d000 	C:\Windows\System32\SHCORE.dll
0x00007ffa738c0000 - 0x00007ffa73915000 	C:\Windows\System32\shlwapi.dll
0x00007ffa72320000 - 0x00007ffa7233f000 	C:\Windows\SYSTEM32\profapi.dll
0x00007ffa45450000 - 0x00007ffa455e1000 	C:\Program Files\Java\jdk-17\bin\awt.dll
0x00007ffa73560000 - 0x00007ffa7362d000 	C:\Windows\System32\OLEAUT32.dll
0x00007ffa6f5c0000 - 0x00007ffa6f650000 	C:\Windows\SYSTEM32\apphelp.dll
0x00007ffa700c0000 - 0x00007ffa700ef000 	C:\Windows\system32\DWMAPI.DLL
0x00007ffa6f700000 - 0x00007ffa6f79e000 	C:\Windows\system32\uxtheme.dll
0x00007ffa530d0000 - 0x00007ffa531f5000 	C:\Windows\system32\opengl32.dll
0x00007ffa530a0000 - 0x00007ffa530cc000 	C:\Windows\SYSTEM32\GLU32.dll
0x00007ffa74720000 - 0x00007ffa74834000 	C:\Windows\System32\MSCTF.dll
0x00007ffa74a80000 - 0x00007ffa74baa000 	C:\Windows\System32\ole32.dll
0x00007ffa4f170000 - 0x00007ffa4f188000 	C:\Program Files\Java\jdk-17\bin\zip.dll

dbghelp: loaded successfully - version: 4.0.5 - missing functions: none
symbol engine: initialized successfully - sym options: 0x614 - pdb path: .;C:\Program Files\Java\jdk-17\bin;C:\Windows\SYSTEM32;C:\Windows\WinSxS\amd64_microsoft.windows.common-controls_6595b64144ccf1df_6.0.19041.1110_none_60b5254171f9507e;C:\Program Files\Java\jdk-17\bin\server

VM Arguments:
jvm_args: -Dfile.encoding=UTF-8 -XX:+ShowCodeDetailsInExceptionMessages 
java_command: test.Main
java_class_path (initial): D:\thuong\DALTHDT\Nhom11\Program\bin
Launcher Type: SUN_STANDARD

[Global flags]
     intx CICompilerCount                          = 2                                         {product} {ergonomic}
     uint ConcGCThreads                            = 1                                         {product} {ergonomic}
     uint G1ConcRefinementThreads                  = 2                                         {product} {ergonomic}
   size_t G1HeapRegionSize                         = 1048576                                   {product} {ergonomic}
    uintx GCDrainStackTargetSize                   = 64                                        {product} {ergonomic}
   size_t InitialHeapSize                          = 100663296                                 {product} {ergonomic}
   size_t MarkStackSize                            = 4194304                                   {product} {ergonomic}
   size_t MaxHeapSize                              = 1581252608                                {product} {ergonomic}
   size_t MaxNewSize                               = 947912704                                 {product} {ergonomic}
   size_t MinHeapDeltaBytes                        = 1048576                                   {product} {ergonomic}
   size_t MinHeapSize                              = 8388608                                   {product} {ergonomic}
    uintx NonNMethodCodeHeapSize                   = 5826188                                {pd product} {ergonomic}
    uintx NonProfiledCodeHeapSize                  = 122916026                              {pd product} {ergonomic}
    uintx ProfiledCodeHeapSize                     = 122916026                              {pd product} {ergonomic}
    uintx ReservedCodeCacheSize                    = 251658240                              {pd product} {ergonomic}
     bool SegmentedCodeCache                       = true                                      {product} {ergonomic}
     bool ShowCodeDetailsInExceptionMessages       = true                                   {manageable} {command line}
   size_t SoftMaxHeapSize                          = 1581252608                             {manageable} {ergonomic}
     bool UseCompressedClassPointers               = true                           {product lp64_product} {ergonomic}
     bool UseCompressedOops                        = true                           {product lp64_product} {ergonomic}
     bool UseG1GC                                  = true                                      {product} {ergonomic}
     bool UseLargePagesIndividualAllocation        = false                                  {pd product} {ergonomic}

Logging:
Log output configuration:
 #0: stdout all=warning uptime,level,tags
 #1: stderr all=off uptime,level,tags

Environment Variables:
PATH=C:\app\oracle\product\19c\db_home\bin;C:\Program Files\Common Files\Oracle\Java\javapath;C:\Windows\system32;C:\Windows;C:\Windows\System32\Wbem;C:\Windows\System32\WindowsPowerShell\v1.0\;C:\Windows\System32\OpenSSH\;C:\Program Files (x86)\Microsoft SQL Server\160\Tools\Binn\;C:\Program Files\Microsoft SQL Server\160\Tools\Binn\;C:\Program Files\Microsoft SQL Server\Client SDK\ODBC\170\Tools\Binn\;C:\Program Files\Microsoft SQL Server\160\DTS\Binn\;C:\Program Files\Azure Data Studio\bin;C:\Program Files\Git\cmd;C:\Users\nguye\AppData\Local\Microsoft\WindowsApps;C:\Program Files\Azure Data Studio\bin;C:\Users\nguye\AppData\Local\Programs\Microsoft VS Code\bin
USERNAME=nguye
OS=Windows_NT
PROCESSOR_IDENTIFIER=Intel64 Family 6 Model 60 Stepping 3, GenuineIntel



---------------  S Y S T E M  ---------------

OS:
 Windows 10 , 64 bit Build 19041 (10.0.19041.2788)
OS uptime: 1 days 7:20 hours

CPU: total 2 (initial active 2) (2 cores per cpu, 2 threads per core) family 6 model 60 stepping 3 microcode 0x27, cx8, cmov, fxsr, ht, mmx, sse, sse2, sse3, ssse3, sse4.1, sse4.2, popcnt, lzcnt, tsc, tscinvbit, avx, avx2, aes, erms, clmul, bmi1, bmi2, fma, vzeroupper, clflush

Memory: 4k page, system-wide physical 6025M (455M free)
TotalPageFile size 13456M (AvailPageFile size 5M)
current process WorkingSet (physical memory assigned to process): 54M, peak: 54M
current process commit charge ("private bytes"): 174M, peak: 174M

vm_info: Java HotSpot(TM) 64-Bit Server VM (17.0.6+9-LTS-190) for windows-amd64 JRE (17.0.6+9-LTS-190), built on Dec  6 2022 15:53:54 by "mach5one" with MS VC++ 17.1 (VS2022)

END.
