#
# There is insufficient memory for the Java Runtime Environment to continue.
# Native memory allocation (mmap) failed to map 100663296 bytes for G1 virtual space
# Possible reasons:
#   The system is out of physical RAM or swap space
#   The process is running with CompressedOops enabled, and the Java Heap may be blocking the growth of the native heap
# Possible solutions:
#   Reduce memory load on the system
#   Increase physical memory or swap space
#   Check if swap backing store is full
#   Decrease Java heap size (-Xmx/-Xms)
#   Decrease number of Java threads
#   Decrease Java thread stack sizes (-Xss)
#   Set larger code cache with -XX:ReservedCodeCacheSize=
#   JVM is running with Unscaled Compressed Oops mode in which the Java heap is
#     placed in the first 4GB address space. The Java Heap base address is the
#     maximum limit for the native heap growth. Please use -XX:HeapBaseMinAddress
#     to set the Java Heap base and to place the Java Heap above 4GB virtual address.
# This output file may be truncated or incomplete.
#
#  Out of Memory Error (os_windows.cpp:3550), pid=13980, tid=12136
#
# JRE version:  (17.0.7+8) (build )
# Java VM: Java HotSpot(TM) 64-Bit Server VM (17.0.7+8-LTS-224, mixed mode, sharing, tiered, compressed oops, compressed class ptrs, g1 gc, windows-amd64)
# No core dump will be written. Minidumps are not enabled by default on client versions of Windows
#

---------------  S U M M A R Y ------------

Command Line: -Dfile.encoding=UTF-8 -XX:+ShowCodeDetailsInExceptionMessages test.Main

Host: Intel(R) Core(TM) i5-4300M CPU @ 2.60GHz, 2 cores, 5G,  Windows 10 , 64 bit Build 19041 (10.0.19041.2913)
Time: Tue May 16 11:08:32 2023 SE Asia Standard Time elapsed time: 0.018981 seconds (0d 0h 0m 0s)

---------------  T H R E A D  ---------------

Current thread (0x000001f2adafe8e0):  JavaThread "Unknown thread" [_thread_in_vm, id=12136, stack(0x0000007d4c000000,0x0000007d4c100000)]

Stack: [0x0000007d4c000000,0x0000007d4c100000]
Native frames: (J=compiled Java code, j=interpreted, Vv=VM code, C=native code)
V  [jvm.dll+0x676a4a]
V  [jvm.dll+0x7d74f4]
V  [jvm.dll+0x7d8c9e]
V  [jvm.dll+0x7d9303]
V  [jvm.dll+0x2452c5]
V  [jvm.dll+0x6738f9]
V  [jvm.dll+0x668232]
V  [jvm.dll+0x302826]
V  [jvm.dll+0x309da6]
V  [jvm.dll+0x35952e]
V  [jvm.dll+0x35975f]
V  [jvm.dll+0x2d9a38]
V  [jvm.dll+0x2da9a4]
V  [jvm.dll+0x7a8fb1]
V  [jvm.dll+0x3670e1]
V  [jvm.dll+0x788359]
V  [jvm.dll+0x3ea5ef]
V  [jvm.dll+0x3ec071]
C  [jli.dll+0x5297]
C  [ucrtbase.dll+0x21bb2]
C  [KERNEL32.DLL+0x17614]
C  [ntdll.dll+0x526a1]


---------------  P R O C E S S  ---------------

Threads class SMR info:
_java_thread_list=0x00007ff8e7604998, length=0, elements={
}

Java Threads: ( => current thread )

Other Threads:
  0x000001f2adb46200 GCTaskThread "GC Thread#0" [stack: 0x0000007d4c100000,0x0000007d4c200000] [id=7604]
  0x000001f2adb540e0 ConcurrentGCThread "G1 Main Marker" [stack: 0x0000007d4c200000,0x0000007d4c300000] [id=13216]
  0x000001f2adb552e0 ConcurrentGCThread "G1 Conc#0" [stack: 0x0000007d4c300000,0x0000007d4c400000] [id=6964]

[error occurred during error reporting (printing all threads), id 0xc0000005, EXCEPTION_ACCESS_VIOLATION (0xc0000005) at pc=0x00007ff8e6e3a697]

VM state: not at safepoint (not fully initialized)

VM Mutex/Monitor currently owned by a thread:  ([mutex/lock_event])
[0x000001f2adafa2c0] Heap_lock - owner thread: 0x000001f2adafe8e0

Heap address: 0x00000000a1c00000, size: 1508 MB, Compressed Oops mode: 32-bit

CDS archive(s) mapped at: [0x0000000000000000-0x0000000000000000-0x0000000000000000), size 0, SharedBaseAddress: 0x0000000800000000, ArchiveRelocationMode: 0.
Narrow klass base: 0x0000000000000000, Narrow klass shift: 0, Narrow klass range: 0x0

GC Precious Log:
<Empty>

Heap:
 garbage-first heap   total 0K, used 0K [0x00000000a1c00000, 0x0000000100000000)
  region size 1024K, 0 young (0K), 0 survivors (0K)

[error occurred during error reporting (printing heap information), id 0xc0000005, EXCEPTION_ACCESS_VIOLATION (0xc0000005) at pc=0x00007ff8e72200b9]

GC Heap History (0 events):
No events

Deoptimization events (0 events):
No events

Classes unloaded (0 events):
No events

Classes redefined (0 events):
No events

Internal exceptions (0 events):
No events

VM Operations (0 events):
No events

Events (1 events):
Event: 0.010 Loaded shared library C:\Program Files\Java\jdk-17\bin\java.dll


Dynamic libraries:
0x00007ff7dabd0000 - 0x00007ff7dabe0000 	C:\Program Files\Java\jdk-17\bin\javaw.exe
0x00007ff90cad0000 - 0x00007ff90ccc8000 	C:\Windows\SYSTEM32\ntdll.dll
0x00007ff90c330000 - 0x00007ff90c3ef000 	C:\Windows\System32\KERNEL32.DLL
0x00007ff90a800000 - 0x00007ff90aaf6000 	C:\Windows\System32\KERNELBASE.dll
0x00007ff90a700000 - 0x00007ff90a800000 	C:\Windows\System32\ucrtbase.dll
0x00007ff905cf0000 - 0x00007ff905d09000 	C:\Program Files\Java\jdk-17\bin\jli.dll
0x00007ff90c220000 - 0x00007ff90c2cf000 	C:\Windows\System32\ADVAPI32.dll
0x00007ff90c060000 - 0x00007ff90c0fe000 	C:\Windows\System32\msvcrt.dll
0x00007ff90af30000 - 0x00007ff90afcc000 	C:\Windows\System32\sechost.dll
0x00007ff90c960000 - 0x00007ff90ca86000 	C:\Windows\System32\RPCRT4.dll
0x00007ff90ad90000 - 0x00007ff90af2d000 	C:\Windows\System32\USER32.dll
0x00007ff90a1b0000 - 0x00007ff90a1d2000 	C:\Windows\System32\win32u.dll
0x00007ff90ace0000 - 0x00007ff90ad0c000 	C:\Windows\System32\GDI32.dll
0x00007ff90a3f0000 - 0x00007ff90a505000 	C:\Windows\System32\gdi32full.dll
0x00007ff90a290000 - 0x00007ff90a32d000 	C:\Windows\System32\msvcp_win.dll
0x00007ff8fb5b0000 - 0x00007ff8fb5cb000 	C:\Program Files\Java\jdk-17\bin\VCRUNTIME140.dll
0x00007ff8f9530000 - 0x00007ff8f97ca000 	C:\Windows\WinSxS\amd64_microsoft.windows.common-controls_6595b64144ccf1df_6.0.19041.1110_none_60b5254171f9507e\COMCTL32.dll
0x00007ff8fc4b0000 - 0x00007ff8fc4ba000 	C:\Windows\SYSTEM32\VERSION.dll
0x00007ff90afd0000 - 0x00007ff90b000000 	C:\Windows\System32\IMM32.DLL
0x00007ff9079b0000 - 0x00007ff9079bc000 	C:\Program Files\Java\jdk-17\bin\vcruntime140_1.dll
0x00007ff8e7730000 - 0x00007ff8e77be000 	C:\Program Files\Java\jdk-17\bin\msvcp140.dll
0x00007ff8e6b50000 - 0x00007ff8e772d000 	C:\Program Files\Java\jdk-17\bin\server\jvm.dll
0x00007ff90c1b0000 - 0x00007ff90c1b8000 	C:\Windows\System32\PSAPI.DLL
0x00007ff905c90000 - 0x00007ff905c99000 	C:\Windows\SYSTEM32\WSOCK32.dll
0x00007ff90bdb0000 - 0x00007ff90be1b000 	C:\Windows\System32\WS2_32.dll
0x00007ff8f3dd0000 - 0x00007ff8f3df7000 	C:\Windows\SYSTEM32\WINMM.dll
0x00007ff908070000 - 0x00007ff908082000 	C:\Windows\SYSTEM32\kernel.appcore.dll
0x00007ff8fb7b0000 - 0x00007ff8fb7ba000 	C:\Program Files\Java\jdk-17\bin\jimage.dll
0x00007ff8fac00000 - 0x00007ff8fade4000 	C:\Windows\SYSTEM32\DBGHELP.DLL
0x00007ff8fca10000 - 0x00007ff8fca44000 	C:\Windows\SYSTEM32\dbgcore.DLL
0x00007ff90a670000 - 0x00007ff90a6f2000 	C:\Windows\System32\bcryptPrimitives.dll
0x00007ff8fb520000 - 0x00007ff8fb545000 	C:\Program Files\Java\jdk-17\bin\java.dll

dbghelp: loaded successfully - version: 4.0.5 - missing functions: none
symbol engine: initialized successfully - sym options: 0x614 - pdb path: .;C:\Program Files\Java\jdk-17\bin;C:\Windows\SYSTEM32;C:\Windows\WinSxS\amd64_microsoft.windows.common-controls_6595b64144ccf1df_6.0.19041.1110_none_60b5254171f9507e;C:\Program Files\Java\jdk-17\bin\server

VM Arguments:
jvm_args: -Dfile.encoding=UTF-8 -XX:+ShowCodeDetailsInExceptionMessages 
java_command: test.Main
java_class_path (initial): D:\thuong\DALTHDT\Nhom11\Program\bin;D:\thuong\DALTHDT\Nhom11\Program\miglayout15-swing.jar;D:\thuong\DALTHDT\Nhom11\Program\jgoodies-forms-1.8.0.jar
Launcher Type: SUN_STANDARD

[Global flags]
     intx CICompilerCount                          = 2                                         {product} {ergonomic}
     uint ConcGCThreads                            = 1                                         {product} {ergonomic}
     uint G1ConcRefinementThreads                  = 2                                         {product} {ergonomic}
   size_t G1HeapRegionSize                         = 1048576                                   {product} {ergonomic}
    uintx GCDrainStackTargetSize                   = 64                                        {product} {ergonomic}
   size_t InitialHeapSize                          = 100663296                                 {product} {ergonomic}
   size_t MarkStackSize                            = 4194304                                   {product} {ergonomic}
   size_t MaxHeapSize                              = 1581252608                                {product} {ergonomic}
   size_t MinHeapDeltaBytes                        = 1048576                                   {product} {ergonomic}
   size_t MinHeapSize                              = 8388608                                   {product} {ergonomic}
    uintx NonNMethodCodeHeapSize                   = 5826188                                {pd product} {ergonomic}
    uintx NonProfiledCodeHeapSize                  = 122916026                              {pd product} {ergonomic}
    uintx ProfiledCodeHeapSize                     = 122916026                              {pd product} {ergonomic}
    uintx ReservedCodeCacheSize                    = 251658240                              {pd product} {ergonomic}
     bool SegmentedCodeCache                       = true                                      {product} {ergonomic}
     bool ShowCodeDetailsInExceptionMessages       = true                                   {manageable} {command line}
   size_t SoftMaxHeapSize                          = 1581252608                             {manageable} {ergonomic}
     bool UseCompressedClassPointers               = true                           {product lp64_product} {ergonomic}
     bool UseCompressedOops                        = true                           {product lp64_product} {ergonomic}
     bool UseG1GC                                  = true                                      {product} {ergonomic}
     bool UseLargePagesIndividualAllocation        = false                                  {pd product} {ergonomic}

Logging:
Log output configuration:
 #0: stdout all=warning uptime,level,tags
 #1: stderr all=off uptime,level,tags

Environment Variables:
PATH=C:\Program Files\Common Files\Oracle\Java\javapath;C:\Windows\system32;C:\Windows;C:\Windows\System32\Wbem;C:\Windows\System32\WindowsPowerShell\v1.0\;C:\Windows\System32\OpenSSH\;C:\Program Files (x86)\Microsoft SQL Server\160\Tools\Binn\;C:\Program Files\Microsoft SQL Server\160\Tools\Binn\;C:\Program Files\Microsoft SQL Server\Client SDK\ODBC\170\Tools\Binn\;C:\Program Files\Microsoft SQL Server\160\DTS\Binn\;C:\Program Files (x86)\Microsoft SQL Server\160\DTS\Binn\;C:\Program Files\Azure Data Studio\bin;C:\Program Files\Git\cmd;C:\Users\nguye\AppData\Local\Microsoft\WindowsApps;;C:\Program Files\Azure Data Studio\bin
USERNAME=nguye
OS=Windows_NT
PROCESSOR_IDENTIFIER=Intel64 Family 6 Model 60 Stepping 3, GenuineIntel



---------------  S Y S T E M  ---------------

OS:
 Windows 10 , 64 bit Build 19041 (10.0.19041.2913)
OS uptime: 0 days 3:36 hours

CPU: total 2 (initial active 2) (2 cores per cpu, 2 threads per core) family 6 model 60 stepping 3 microcode 0x27, cx8, cmov, fxsr, ht, mmx, sse, sse2, sse3, ssse3, sse4.1, sse4.2, popcnt, lzcnt, tsc, tscinvbit, avx, avx2, aes, erms, clmul, bmi1, bmi2, fma, vzeroupper, clflush

Memory: 4k page, system-wide physical 6025M (454M free)
TotalPageFile size 13456M (AvailPageFile size 15M)
current process WorkingSet (physical memory assigned to process): 10M, peak: 10M
current process commit charge ("private bytes"): 47M, peak: 143M

vm_info: Java HotSpot(TM) 64-Bit Server VM (17.0.7+8-LTS-224) for windows-amd64 JRE (17.0.7+8-LTS-224), built on Feb 28 2023 23:03:02 by "mach5one" with MS VC++ 17.1 (VS2022)

END.
