#
# There is insufficient memory for the Java Runtime Environment to continue.
# Native memory allocation (malloc) failed to allocate 32744 bytes for ChunkPool::allocate
# Possible reasons:
#   The system is out of physical RAM or swap space
#   The process is running with CompressedOops enabled, and the Java Heap may be blocking the growth of the native heap
# Possible solutions:
#   Reduce memory load on the system
#   Increase physical memory or swap space
#   Check if swap backing store is full
#   Decrease Java heap size (-Xmx/-Xms)
#   Decrease number of Java threads
#   Decrease Java thread stack sizes (-Xss)
#   Set larger code cache with -XX:ReservedCodeCacheSize=
#   JVM is running with Unscaled Compressed Oops mode in which the Java heap is
#     placed in the first 4GB address space. The Java Heap base address is the
#     maximum limit for the native heap growth. Please use -XX:HeapBaseMinAddress
#     to set the Java Heap base and to place the Java Heap above 4GB virtual address.
# This output file may be truncated or incomplete.
#
#  Out of Memory Error (arena.cpp:78), pid=10420, tid=11032
#
# JRE version: Java(TM) SE Runtime Environment (17.0.6+9) (build 17.0.6+9-LTS-190)
# Java VM: Java HotSpot(TM) 64-Bit Server VM (17.0.6+9-LTS-190, mixed mode, sharing, tiered, compressed oops, compressed class ptrs, g1 gc, windows-amd64)
# No core dump will be written. Minidumps are not enabled by default on client versions of Windows
#

---------------  S U M M A R Y ------------

Command Line: -Dfile.encoding=UTF-8 -XX:+ShowCodeDetailsInExceptionMessages test.Main

Host: Intel(R) Core(TM) i5-4300M CPU @ 2.60GHz, 2 cores, 5G,  Windows 10 , 64 bit Build 19041 (10.0.19041.2788)
Time: Sun Apr 16 00:08:48 2023 SE Asia Standard Time elapsed time: 37.519245 seconds (0d 0h 0m 37s)

---------------  T H R E A D  ---------------

Current thread (0x000001ebea52de40):  JavaThread "C1 CompilerThread0" daemon [_thread_in_native, id=11032, stack(0x000000817cb00000,0x000000817cc00000)]


Current CompileTask:
C1:  37520 1111       3       javax.swing.plaf.metal.MetalLookAndFeel::getCurrentTheme (88 bytes)

Stack: [0x000000817cb00000,0x000000817cc00000]
Native frames: (J=compiled Java code, j=interpreted, Vv=VM code, C=native code)
V  [jvm.dll+0x6734ea]
V  [jvm.dll+0x7d18f4]
V  [jvm.dll+0x7d309e]
V  [jvm.dll+0x7d3703]
V  [jvm.dll+0x2433c5]
V  [jvm.dll+0xaa6c0]
V  [jvm.dll+0xaaa0c]
V  [jvm.dll+0x1756c2]
V  [jvm.dll+0x177d71]
V  [jvm.dll+0x132d23]
V  [jvm.dll+0x13262f]
V  [jvm.dll+0x132868]
V  [jvm.dll+0x131d01]
V  [jvm.dll+0x1339ad]
V  [jvm.dll+0x224b6e]
V  [jvm.dll+0x222f15]
V  [jvm.dll+0x78753c]
V  [jvm.dll+0x781a7a]
V  [jvm.dll+0x672375]
C  [ucrtbase.dll+0x21bb2]
C  [KERNEL32.DLL+0x17604]
C  [ntdll.dll+0x526a1]


---------------  P R O C E S S  ---------------

Threads class SMR info:
_java_thread_list=0x000001ebeb9ceae0, length=17, elements={
0x000001ebce4f6dd0, 0x000001ebce4f8430, 0x000001ebea518d80, 0x000001ebea522780,
0x000001ebea526580, 0x000001ebea525be0, 0x000001ebea52c530, 0x000001ebea52de40,
0x000001ebea538f20, 0x000001ebea5248a0, 0x000001ebea524d70, 0x000001ebea525240,
0x000001ebea5260b0, 0x000001ebea526a50, 0x000001ebea525710, 0x000001ebebaca2f0,
0x000001ebebaca7c0
}

Java Threads: ( => current thread )
  0x000001ebce4f6dd0 JavaThread "Reference Handler" daemon [_thread_blocked, id=10468, stack(0x000000817c400000,0x000000817c500000)]
  0x000001ebce4f8430 JavaThread "Finalizer" daemon [_thread_blocked, id=3364, stack(0x000000817c500000,0x000000817c600000)]
  0x000001ebea518d80 JavaThread "Signal Dispatcher" daemon [_thread_blocked, id=6532, stack(0x000000817c600000,0x000000817c700000)]
  0x000001ebea522780 JavaThread "Attach Listener" daemon [_thread_blocked, id=11408, stack(0x000000817c700000,0x000000817c800000)]
  0x000001ebea526580 JavaThread "Service Thread" daemon [_thread_blocked, id=5632, stack(0x000000817c800000,0x000000817c900000)]
  0x000001ebea525be0 JavaThread "Monitor Deflation Thread" daemon [_thread_blocked, id=7520, stack(0x000000817c900000,0x000000817ca00000)]
  0x000001ebea52c530 JavaThread "C2 CompilerThread0" daemon [_thread_in_native, id=13144, stack(0x000000817ca00000,0x000000817cb00000)]
=>0x000001ebea52de40 JavaThread "C1 CompilerThread0" daemon [_thread_in_native, id=11032, stack(0x000000817cb00000,0x000000817cc00000)]
  0x000001ebea538f20 JavaThread "Sweeper thread" daemon [_thread_blocked, id=9516, stack(0x000000817cc00000,0x000000817cd00000)]
  0x000001ebea5248a0 JavaThread "Notification Thread" daemon [_thread_blocked, id=8472, stack(0x000000817cd00000,0x000000817ce00000)]
  0x000001ebea524d70 JavaThread "Common-Cleaner" daemon [_thread_blocked, id=7144, stack(0x000000817cf00000,0x000000817d000000)]
  0x000001ebea525240 JavaThread "Java2D Disposer" daemon [_thread_blocked, id=6564, stack(0x000000817d000000,0x000000817d100000)]
  0x000001ebea5260b0 JavaThread "AWT-Shutdown" [_thread_blocked, id=6484, stack(0x000000817d100000,0x000000817d200000)]
  0x000001ebea526a50 JavaThread "AWT-Windows" daemon [_thread_in_native, id=2632, stack(0x000000817d200000,0x000000817d300000)]
  0x000001ebea525710 JavaThread "AWT-EventQueue-0" [_thread_blocked, id=11828, stack(0x000000817d600000,0x000000817d700000)]
  0x000001ebebaca2f0 JavaThread "DestroyJavaVM" [_thread_blocked, id=6088, stack(0x000000817bd00000,0x000000817be00000)]
  0x000001ebebaca7c0 JavaThread "TimerQueue" daemon [_thread_blocked, id=2896, stack(0x000000817da00000,0x000000817db00000)]

Other Threads:
  0x000001ebce4f0220 VMThread "VM Thread" [stack: 0x000000817c300000,0x000000817c400000] [id=4936]
  0x000001ebeb06ea10 WatcherThread [stack: 0x000000817ce00000,0x000000817cf00000] [id=8484]
  0x000001ebce465be0 GCTaskThread "GC Thread#0" [stack: 0x000000817be00000,0x000000817bf00000] [id=10996]
  0x000001ebeb322010 GCTaskThread "GC Thread#1" [stack: 0x000000817d400000,0x000000817d500000] [id=3544]
  0x000001ebce4736c0 ConcurrentGCThread "G1 Main Marker" [stack: 0x000000817bf00000,0x000000817c000000] [id=8396]
  0x000001ebce4748c0 ConcurrentGCThread "G1 Conc#0" [stack: 0x000000817c000000,0x000000817c100000] [id=6832]
  0x000001ebce4cf2a0 ConcurrentGCThread "G1 Refine#0" [stack: 0x000000817c100000,0x000000817c200000] [id=5852]
  0x000001ebeb3222c0 ConcurrentGCThread "G1 Refine#1" [stack: 0x000000817d500000,0x000000817d600000] [id=8596]
  0x000001ebce4cfbd0 ConcurrentGCThread "G1 Service" [stack: 0x000000817c200000,0x000000817c300000] [id=3388]

Threads with active compile tasks:
C2 CompilerThread0    37589 1109   !   4       sun.awt.AppContext::get (123 bytes)
C1 CompilerThread0    37589 1111       3       javax.swing.plaf.metal.MetalLookAndFeel::getCurrentTheme (88 bytes)

VM state: not at safepoint (normal execution)

VM Mutex/Monitor currently owned by a thread: None

Heap address: 0x00000000a1c00000, size: 1508 MB, Compressed Oops mode: 32-bit

CDS archive(s) mapped at: [0x0000000800000000-0x0000000800bd0000-0x0000000800bd0000), size 12386304, SharedBaseAddress: 0x0000000800000000, ArchiveRelocationMode: 0.
Compressed class space mapped at: 0x0000000800c00000-0x0000000840c00000, reserved size: 1073741824
Narrow klass base: 0x0000000800000000, Narrow klass shift: 0, Narrow klass range: 0x100000000

GC Precious Log:
 CPUs: 2 total, 2 available
 Memory: 6025M
 Large Page Support: Disabled
 NUMA Support: Disabled
 Compressed Oops: Enabled (32-bit)
 Heap Region Size: 1M
 Heap Min Capacity: 8M
 Heap Initial Capacity: 96M
 Heap Max Capacity: 1508M
 Pre-touch: Disabled
 Parallel Workers: 2
 Concurrent Workers: 1
 Concurrent Refinement Workers: 2
 Periodic GC: Disabled

Heap:
 garbage-first heap   total 98304K, used 6295K [0x00000000a1c00000, 0x0000000100000000)
  region size 1024K, 4 young (4096K), 1 survivors (1024K)
 Metaspace       used 8136K, committed 8384K, reserved 1056768K
  class space    used 895K, committed 1024K, reserved 1048576K

Heap Regions: E=young(eden), S=young(survivor), O=old, HS=humongous(starts), HC=humongous(continues), CS=collection set, F=free, OA=open archive, CA=closed archive, TAMS=top-at-mark-start (previous, next)
|   0|0x00000000a1c00000, 0x00000000a1d00000, 0x00000000a1d00000|100%|HS|  |TAMS 0x00000000a1c00000, 0x00000000a1c00000| Complete 
|   1|0x00000000a1d00000, 0x00000000a1e00000, 0x00000000a1e00000|100%|HC|  |TAMS 0x00000000a1d00000, 0x00000000a1d00000| Complete 
|   2|0x00000000a1e00000, 0x00000000a1f00000, 0x00000000a1f00000|100%| O|  |TAMS 0x00000000a1e00000, 0x00000000a1e00000| Untracked 
|   3|0x00000000a1f00000, 0x00000000a1f25e00, 0x00000000a2000000| 14%| O|  |TAMS 0x00000000a1f00000, 0x00000000a1f00000| Untracked 
|   4|0x00000000a2000000, 0x00000000a2000000, 0x00000000a2100000|  0%| F|  |TAMS 0x00000000a2000000, 0x00000000a2000000| Untracked 
|   5|0x00000000a2100000, 0x00000000a2100000, 0x00000000a2200000|  0%| F|  |TAMS 0x00000000a2100000, 0x00000000a2100000| Untracked 
|   6|0x00000000a2200000, 0x00000000a2200000, 0x00000000a2300000|  0%| F|  |TAMS 0x00000000a2200000, 0x00000000a2200000| Untracked 
|   7|0x00000000a2300000, 0x00000000a2300000, 0x00000000a2400000|  0%| F|  |TAMS 0x00000000a2300000, 0x00000000a2300000| Untracked 
|   8|0x00000000a2400000, 0x00000000a2400000, 0x00000000a2500000|  0%| F|  |TAMS 0x00000000a2400000, 0x00000000a2400000| Untracked 
|   9|0x00000000a2500000, 0x00000000a2500000, 0x00000000a2600000|  0%| F|  |TAMS 0x00000000a2500000, 0x00000000a2500000| Untracked 
|  10|0x00000000a2600000, 0x00000000a2600000, 0x00000000a2700000|  0%| F|  |TAMS 0x00000000a2600000, 0x00000000a2600000| Untracked 
|  11|0x00000000a2700000, 0x00000000a2700000, 0x00000000a2800000|  0%| F|  |TAMS 0x00000000a2700000, 0x00000000a2700000| Untracked 
|  12|0x00000000a2800000, 0x00000000a2800000, 0x00000000a2900000|  0%| F|  |TAMS 0x00000000a2800000, 0x00000000a2800000| Untracked 
|  13|0x00000000a2900000, 0x00000000a2900000, 0x00000000a2a00000|  0%| F|  |TAMS 0x00000000a2900000, 0x00000000a2900000| Untracked 
|  14|0x00000000a2a00000, 0x00000000a2a00000, 0x00000000a2b00000|  0%| F|  |TAMS 0x00000000a2a00000, 0x00000000a2a00000| Untracked 
|  15|0x00000000a2b00000, 0x00000000a2b00000, 0x00000000a2c00000|  0%| F|  |TAMS 0x00000000a2b00000, 0x00000000a2b00000| Untracked 
|  16|0x00000000a2c00000, 0x00000000a2c00000, 0x00000000a2d00000|  0%| F|  |TAMS 0x00000000a2c00000, 0x00000000a2c00000| Untracked 
|  17|0x00000000a2d00000, 0x00000000a2d00000, 0x00000000a2e00000|  0%| F|  |TAMS 0x00000000a2d00000, 0x00000000a2d00000| Untracked 
|  18|0x00000000a2e00000, 0x00000000a2e00000, 0x00000000a2f00000|  0%| F|  |TAMS 0x00000000a2e00000, 0x00000000a2e00000| Untracked 
|  19|0x00000000a2f00000, 0x00000000a2f00000, 0x00000000a3000000|  0%| F|  |TAMS 0x00000000a2f00000, 0x00000000a2f00000| Untracked 
|  20|0x00000000a3000000, 0x00000000a3000000, 0x00000000a3100000|  0%| F|  |TAMS 0x00000000a3000000, 0x00000000a3000000| Untracked 
|  21|0x00000000a3100000, 0x00000000a3100000, 0x00000000a3200000|  0%| F|  |TAMS 0x00000000a3100000, 0x00000000a3100000| Untracked 
|  22|0x00000000a3200000, 0x00000000a3200000, 0x00000000a3300000|  0%| F|  |TAMS 0x00000000a3200000, 0x00000000a3200000| Untracked 
|  23|0x00000000a3300000, 0x00000000a3300000, 0x00000000a3400000|  0%| F|  |TAMS 0x00000000a3300000, 0x00000000a3300000| Untracked 
|  24|0x00000000a3400000, 0x00000000a3400000, 0x00000000a3500000|  0%| F|  |TAMS 0x00000000a3400000, 0x00000000a3400000| Untracked 
|  25|0x00000000a3500000, 0x00000000a3500000, 0x00000000a3600000|  0%| F|  |TAMS 0x00000000a3500000, 0x00000000a3500000| Untracked 
|  26|0x00000000a3600000, 0x00000000a3600000, 0x00000000a3700000|  0%| F|  |TAMS 0x00000000a3600000, 0x00000000a3600000| Untracked 
|  27|0x00000000a3700000, 0x00000000a3700000, 0x00000000a3800000|  0%| F|  |TAMS 0x00000000a3700000, 0x00000000a3700000| Untracked 
|  28|0x00000000a3800000, 0x00000000a3800000, 0x00000000a3900000|  0%| F|  |TAMS 0x00000000a3800000, 0x00000000a3800000| Untracked 
|  29|0x00000000a3900000, 0x00000000a3900000, 0x00000000a3a00000|  0%| F|  |TAMS 0x00000000a3900000, 0x00000000a3900000| Untracked 
|  30|0x00000000a3a00000, 0x00000000a3a00000, 0x00000000a3b00000|  0%| F|  |TAMS 0x00000000a3a00000, 0x00000000a3a00000| Untracked 
|  31|0x00000000a3b00000, 0x00000000a3b00000, 0x00000000a3c00000|  0%| F|  |TAMS 0x00000000a3b00000, 0x00000000a3b00000| Untracked 
|  32|0x00000000a3c00000, 0x00000000a3c00000, 0x00000000a3d00000|  0%| F|  |TAMS 0x00000000a3c00000, 0x00000000a3c00000| Untracked 
|  33|0x00000000a3d00000, 0x00000000a3d00000, 0x00000000a3e00000|  0%| F|  |TAMS 0x00000000a3d00000, 0x00000000a3d00000| Untracked 
|  34|0x00000000a3e00000, 0x00000000a3e00000, 0x00000000a3f00000|  0%| F|  |TAMS 0x00000000a3e00000, 0x00000000a3e00000| Untracked 
|  35|0x00000000a3f00000, 0x00000000a3f00000, 0x00000000a4000000|  0%| F|  |TAMS 0x00000000a3f00000, 0x00000000a3f00000| Untracked 
|  36|0x00000000a4000000, 0x00000000a4000000, 0x00000000a4100000|  0%| F|  |TAMS 0x00000000a4000000, 0x00000000a4000000| Untracked 
|  37|0x00000000a4100000, 0x00000000a4100000, 0x00000000a4200000|  0%| F|  |TAMS 0x00000000a4100000, 0x00000000a4100000| Untracked 
|  38|0x00000000a4200000, 0x00000000a4200000, 0x00000000a4300000|  0%| F|  |TAMS 0x00000000a4200000, 0x00000000a4200000| Untracked 
|  39|0x00000000a4300000, 0x00000000a4300000, 0x00000000a4400000|  0%| F|  |TAMS 0x00000000a4300000, 0x00000000a4300000| Untracked 
|  40|0x00000000a4400000, 0x00000000a4400000, 0x00000000a4500000|  0%| F|  |TAMS 0x00000000a4400000, 0x00000000a4400000| Untracked 
|  41|0x00000000a4500000, 0x00000000a4500000, 0x00000000a4600000|  0%| F|  |TAMS 0x00000000a4500000, 0x00000000a4500000| Untracked 
|  42|0x00000000a4600000, 0x00000000a4600000, 0x00000000a4700000|  0%| F|  |TAMS 0x00000000a4600000, 0x00000000a4600000| Untracked 
|  43|0x00000000a4700000, 0x00000000a4700000, 0x00000000a4800000|  0%| F|  |TAMS 0x00000000a4700000, 0x00000000a4700000| Untracked 
|  44|0x00000000a4800000, 0x00000000a4800000, 0x00000000a4900000|  0%| F|  |TAMS 0x00000000a4800000, 0x00000000a4800000| Untracked 
|  45|0x00000000a4900000, 0x00000000a4900000, 0x00000000a4a00000|  0%| F|  |TAMS 0x00000000a4900000, 0x00000000a4900000| Untracked 
|  46|0x00000000a4a00000, 0x00000000a4a00000, 0x00000000a4b00000|  0%| F|  |TAMS 0x00000000a4a00000, 0x00000000a4a00000| Untracked 
|  47|0x00000000a4b00000, 0x00000000a4b00000, 0x00000000a4c00000|  0%| F|  |TAMS 0x00000000a4b00000, 0x00000000a4b00000| Untracked 
|  48|0x00000000a4c00000, 0x00000000a4c00000, 0x00000000a4d00000|  0%| F|  |TAMS 0x00000000a4c00000, 0x00000000a4c00000| Untracked 
|  49|0x00000000a4d00000, 0x00000000a4d00000, 0x00000000a4e00000|  0%| F|  |TAMS 0x00000000a4d00000, 0x00000000a4d00000| Untracked 
|  50|0x00000000a4e00000, 0x00000000a4e00000, 0x00000000a4f00000|  0%| F|  |TAMS 0x00000000a4e00000, 0x00000000a4e00000| Untracked 
|  51|0x00000000a4f00000, 0x00000000a4f00000, 0x00000000a5000000|  0%| F|  |TAMS 0x00000000a4f00000, 0x00000000a4f00000| Untracked 
|  52|0x00000000a5000000, 0x00000000a5000000, 0x00000000a5100000|  0%| F|  |TAMS 0x00000000a5000000, 0x00000000a5000000| Untracked 
|  53|0x00000000a5100000, 0x00000000a5100000, 0x00000000a5200000|  0%| F|  |TAMS 0x00000000a5100000, 0x00000000a5100000| Untracked 
|  54|0x00000000a5200000, 0x00000000a5200000, 0x00000000a5300000|  0%| F|  |TAMS 0x00000000a5200000, 0x00000000a5200000| Untracked 
|  55|0x00000000a5300000, 0x00000000a5300000, 0x00000000a5400000|  0%| F|  |TAMS 0x00000000a5300000, 0x00000000a5300000| Untracked 
|  56|0x00000000a5400000, 0x00000000a5400000, 0x00000000a5500000|  0%| F|  |TAMS 0x00000000a5400000, 0x00000000a5400000| Untracked 
|  57|0x00000000a5500000, 0x00000000a5500000, 0x00000000a5600000|  0%| F|  |TAMS 0x00000000a5500000, 0x00000000a5500000| Untracked 
|  58|0x00000000a5600000, 0x00000000a5600000, 0x00000000a5700000|  0%| F|  |TAMS 0x00000000a5600000, 0x00000000a5600000| Untracked 
|  59|0x00000000a5700000, 0x00000000a5700000, 0x00000000a5800000|  0%| F|  |TAMS 0x00000000a5700000, 0x00000000a5700000| Untracked 
|  60|0x00000000a5800000, 0x00000000a5800000, 0x00000000a5900000|  0%| F|  |TAMS 0x00000000a5800000, 0x00000000a5800000| Untracked 
|  61|0x00000000a5900000, 0x00000000a5900000, 0x00000000a5a00000|  0%| F|  |TAMS 0x00000000a5900000, 0x00000000a5900000| Untracked 
|  62|0x00000000a5a00000, 0x00000000a5a00000, 0x00000000a5b00000|  0%| F|  |TAMS 0x00000000a5a00000, 0x00000000a5a00000| Untracked 
|  63|0x00000000a5b00000, 0x00000000a5b00000, 0x00000000a5c00000|  0%| F|  |TAMS 0x00000000a5b00000, 0x00000000a5b00000| Untracked 
|  64|0x00000000a5c00000, 0x00000000a5c00000, 0x00000000a5d00000|  0%| F|  |TAMS 0x00000000a5c00000, 0x00000000a5c00000| Untracked 
|  65|0x00000000a5d00000, 0x00000000a5d00000, 0x00000000a5e00000|  0%| F|  |TAMS 0x00000000a5d00000, 0x00000000a5d00000| Untracked 
|  66|0x00000000a5e00000, 0x00000000a5e00000, 0x00000000a5f00000|  0%| F|  |TAMS 0x00000000a5e00000, 0x00000000a5e00000| Untracked 
|  67|0x00000000a5f00000, 0x00000000a5f00000, 0x00000000a6000000|  0%| F|  |TAMS 0x00000000a5f00000, 0x00000000a5f00000| Untracked 
|  68|0x00000000a6000000, 0x00000000a6000000, 0x00000000a6100000|  0%| F|  |TAMS 0x00000000a6000000, 0x00000000a6000000| Untracked 
|  69|0x00000000a6100000, 0x00000000a6100000, 0x00000000a6200000|  0%| F|  |TAMS 0x00000000a6100000, 0x00000000a6100000| Untracked 
|  70|0x00000000a6200000, 0x00000000a6200000, 0x00000000a6300000|  0%| F|  |TAMS 0x00000000a6200000, 0x00000000a6200000| Untracked 
|  71|0x00000000a6300000, 0x00000000a6300000, 0x00000000a6400000|  0%| F|  |TAMS 0x00000000a6300000, 0x00000000a6300000| Untracked 
|  72|0x00000000a6400000, 0x00000000a6400000, 0x00000000a6500000|  0%| F|  |TAMS 0x00000000a6400000, 0x00000000a6400000| Untracked 
|  73|0x00000000a6500000, 0x00000000a6500000, 0x00000000a6600000|  0%| F|  |TAMS 0x00000000a6500000, 0x00000000a6500000| Untracked 
|  74|0x00000000a6600000, 0x00000000a6600000, 0x00000000a6700000|  0%| F|  |TAMS 0x00000000a6600000, 0x00000000a6600000| Untracked 
|  75|0x00000000a6700000, 0x00000000a6700000, 0x00000000a6800000|  0%| F|  |TAMS 0x00000000a6700000, 0x00000000a6700000| Untracked 
|  76|0x00000000a6800000, 0x00000000a6800000, 0x00000000a6900000|  0%| F|  |TAMS 0x00000000a6800000, 0x00000000a6800000| Untracked 
|  77|0x00000000a6900000, 0x00000000a6900000, 0x00000000a6a00000|  0%| F|  |TAMS 0x00000000a6900000, 0x00000000a6900000| Untracked 
|  78|0x00000000a6a00000, 0x00000000a6a00000, 0x00000000a6b00000|  0%| F|  |TAMS 0x00000000a6a00000, 0x00000000a6a00000| Untracked 
|  79|0x00000000a6b00000, 0x00000000a6b00000, 0x00000000a6c00000|  0%| F|  |TAMS 0x00000000a6b00000, 0x00000000a6b00000| Untracked 
|  80|0x00000000a6c00000, 0x00000000a6c00000, 0x00000000a6d00000|  0%| F|  |TAMS 0x00000000a6c00000, 0x00000000a6c00000| Untracked 
|  81|0x00000000a6d00000, 0x00000000a6d00000, 0x00000000a6e00000|  0%| F|  |TAMS 0x00000000a6d00000, 0x00000000a6d00000| Untracked 
|  82|0x00000000a6e00000, 0x00000000a6e00000, 0x00000000a6f00000|  0%| F|  |TAMS 0x00000000a6e00000, 0x00000000a6e00000| Untracked 
|  83|0x00000000a6f00000, 0x00000000a6f00000, 0x00000000a7000000|  0%| F|  |TAMS 0x00000000a6f00000, 0x00000000a6f00000| Untracked 
|  84|0x00000000a7000000, 0x00000000a7000000, 0x00000000a7100000|  0%| F|  |TAMS 0x00000000a7000000, 0x00000000a7000000| Untracked 
|  85|0x00000000a7100000, 0x00000000a7100000, 0x00000000a7200000|  0%| F|  |TAMS 0x00000000a7100000, 0x00000000a7100000| Untracked 
|  86|0x00000000a7200000, 0x00000000a7200000, 0x00000000a7300000|  0%| F|  |TAMS 0x00000000a7200000, 0x00000000a7200000| Untracked 
|  87|0x00000000a7300000, 0x00000000a7300000, 0x00000000a7400000|  0%| F|  |TAMS 0x00000000a7300000, 0x00000000a7300000| Untracked 
|  88|0x00000000a7400000, 0x00000000a7400000, 0x00000000a7500000|  0%| F|  |TAMS 0x00000000a7400000, 0x00000000a7400000| Untracked 
|  89|0x00000000a7500000, 0x00000000a7600000, 0x00000000a7600000|100%| S|CS|TAMS 0x00000000a7500000, 0x00000000a7500000| Complete 
|  90|0x00000000a7600000, 0x00000000a7600000, 0x00000000a7700000|  0%| F|  |TAMS 0x00000000a7600000, 0x00000000a7600000| Untracked 
|  91|0x00000000a7700000, 0x00000000a7700000, 0x00000000a7800000|  0%| F|  |TAMS 0x00000000a7700000, 0x00000000a7700000| Untracked 
|  92|0x00000000a7800000, 0x00000000a7800000, 0x00000000a7900000|  0%| F|  |TAMS 0x00000000a7800000, 0x00000000a7800000| Untracked 
|  93|0x00000000a7900000, 0x00000000a790e360, 0x00000000a7a00000|  5%| E|  |TAMS 0x00000000a7900000, 0x00000000a7900000| Complete 
|  94|0x00000000a7a00000, 0x00000000a7b00000, 0x00000000a7b00000|100%| E|CS|TAMS 0x00000000a7a00000, 0x00000000a7a00000| Complete 
|  95|0x00000000a7b00000, 0x00000000a7c00000, 0x00000000a7c00000|100%| E|CS|TAMS 0x00000000a7b00000, 0x00000000a7b00000| Complete 

Card table byte_map: [0x000001ebe4cb0000,0x000001ebe4fb0000] _byte_map_base: 0x000001ebe47a2000

Marking Bits (Prev, Next): (CMBitMap*) 0x000001ebce467110, (CMBitMap*) 0x000001ebce467150
 Prev Bits: [0x000001ebe52b0000, 0x000001ebe6a40000)
 Next Bits: [0x000001ebe6a40000, 0x000001ebe81d0000)

Polling page: 0x000001ebcc210000

Metaspace:

Usage:
  Non-class:      7.07 MB used.
      Class:    895.32 KB used.
       Both:      7.95 MB used.

Virtual space:
  Non-class space:        8.00 MB reserved,       7.19 MB ( 90%) committed,  1 nodes.
      Class space:        1.00 GB reserved,       1.00 MB ( <1%) committed,  1 nodes.
             Both:        1.01 GB reserved,       8.19 MB ( <1%) committed. 

Chunk freelists:
   Non-Class:  510.00 KB
       Class:  3.05 MB
        Both:  3.55 MB

MaxMetaspaceSize: unlimited
CompressedClassSpaceSize: 1.00 GB
Initial GC threshold: 21.00 MB
Current GC threshold: 21.00 MB
CDS: on
MetaspaceReclaimPolicy: balanced
 - commit_granule_bytes: 65536.
 - commit_granule_words: 8192.
 - virtual_space_node_default_size: 1048576.
 - enlarge_chunks_in_place: 1.
 - new_chunks_are_fully_committed: 0.
 - uncommit_free_chunks: 1.
 - use_allocation_guard: 0.
 - handle_deallocations: 1.


Internal statistics:

num_allocs_failed_limit: 0.
num_arena_births: 118.
num_arena_deaths: 0.
num_vsnodes_births: 2.
num_vsnodes_deaths: 0.
num_space_committed: 131.
num_space_uncommitted: 0.
num_chunks_returned_to_freelist: 0.
num_chunks_taken_from_freelist: 171.
num_chunk_merges: 0.
num_chunk_splits: 89.
num_chunks_enlarged: 22.
num_purges: 0.
num_inconsistent_stats: 0.

CodeHeap 'non-profiled nmethods': size=120064Kb used=317Kb max_used=317Kb free=119746Kb
 bounds [0x000001ebdd770000, 0x000001ebdd9e0000, 0x000001ebe4cb0000]
CodeHeap 'profiled nmethods': size=120000Kb used=1979Kb max_used=1979Kb free=118020Kb
 bounds [0x000001ebd5cb0000, 0x000001ebd5f20000, 0x000001ebdd1e0000]
CodeHeap 'non-nmethods': size=5696Kb used=1276Kb max_used=1290Kb free=4419Kb
 bounds [0x000001ebdd1e0000, 0x000001ebdd450000, 0x000001ebdd770000]
 total_blobs=1712 nmethods=1109 adapters=516
 compilation: enabled
              stopped_count=0, restarted_count=0
 full_count=0

Compilation events (20 events):
Event: 34.478 Thread 0x000001ebea52de40 1101       1       java.awt.Component::getComponentOrientation (5 bytes)
Event: 34.479 Thread 0x000001ebea52de40 nmethod 1101 0x000001ebdd7bf410 code [0x000001ebdd7bf5a0, 0x000001ebdd7bf678]
Event: 35.486 Thread 0x000001ebea52de40 1102       3       java.util.HashMap::remove (26 bytes)
Event: 35.486 Thread 0x000001ebea52de40 nmethod 1102 0x000001ebd5e9a010 code [0x000001ebd5e9a1e0, 0x000001ebd5e9a558]
Event: 35.486 Thread 0x000001ebea52de40 1103       3       java.util.HashMap::removeNode (291 bytes)
Event: 35.487 Thread 0x000001ebea52de40 nmethod 1103 0x000001ebd5e9a690 code [0x000001ebd5e9a920, 0x000001ebd5e9bc58]
Event: 35.992 Thread 0x000001ebea52de40 1104       3       java.awt.Component::getBounds (5 bytes)
Event: 35.992 Thread 0x000001ebea52de40 nmethod 1104 0x000001ebd5e9c110 code [0x000001ebd5e9c2a0, 0x000001ebd5e9c468]
Event: 35.992 Thread 0x000001ebea52de40 1105       3       java.awt.Component::bounds (24 bytes)
Event: 35.993 Thread 0x000001ebea52de40 nmethod 1105 0x000001ebd5e9c510 code [0x000001ebd5e9c6c0, 0x000001ebd5e9c9d8]
Event: 35.993 Thread 0x000001ebea52de40 1106       3       javax.swing.text.AbstractDocument$LeafElement::getStartOffset (10 bytes)
Event: 35.993 Thread 0x000001ebea52de40 nmethod 1106 0x000001ebd5e9cb10 code [0x000001ebd5e9ccc0, 0x000001ebd5e9cec8]
Event: 35.993 Thread 0x000001ebea52de40 1107       3       java.util.IdentityHashMap$IdentityHashMapIterator::<init> (63 bytes)
Event: 35.994 Thread 0x000001ebea52de40 nmethod 1107 0x000001ebd5e9d010 code [0x000001ebd5e9d1c0, 0x000001ebd5e9d478]
Event: 37.001 Thread 0x000001ebea52de40 1108       3       sun.java2d.SunGraphics2D::transformShape (97 bytes)
Event: 37.001 Thread 0x000001ebea52de40 nmethod 1108 0x000001ebd5e9d590 code [0x000001ebd5e9d840, 0x000001ebd5e9e6d8]
Event: 37.502 Thread 0x000001ebea52c530 1109   !   4       sun.awt.AppContext::get (123 bytes)
Event: 37.503 Thread 0x000001ebea52de40 1110       3       java.awt.Rectangle::setBounds (10 bytes)
Event: 37.503 Thread 0x000001ebea52de40 nmethod 1110 0x000001ebd5e9ea90 code [0x000001ebd5e9ec20, 0x000001ebd5e9ee18]
Event: 37.505 Thread 0x000001ebea52de40 1111       3       javax.swing.plaf.metal.MetalLookAndFeel::getCurrentTheme (88 bytes)

GC Heap History (2 events):
Event: 0.688 GC heap before
{Heap before GC invocations=0 (full 0):
 garbage-first heap   total 98304K, used 8192K [0x00000000a1c00000, 0x0000000100000000)
  region size 1024K, 6 young (6144K), 0 survivors (0K)
 Metaspace       used 4581K, committed 4672K, reserved 1056768K
  class space    used 478K, committed 512K, reserved 1048576K
}
Event: 0.695 GC heap after
{Heap after GC invocations=1 (full 0):
 garbage-first heap   total 98304K, used 4247K [0x00000000a1c00000, 0x0000000100000000)
  region size 1024K, 1 young (1024K), 1 survivors (1024K)
 Metaspace       used 4581K, committed 4672K, reserved 1056768K
  class space    used 478K, committed 512K, reserved 1048576K
}

Deoptimization events (20 events):
Event: 0.843 Thread 0x000001ebce419a70 Uncommon trap: trap_request=0xffffffc6 fr.pc=0x000001ebdd7a23cc relative=0x00000000000009cc
Event: 0.843 Thread 0x000001ebce419a70 Uncommon trap: reason=bimorphic_or_optimized_type_check action=maybe_recompile pc=0x000001ebdd7a23cc method=java.util.HashMap.putVal(ILjava/lang/Object;Ljava/lang/Object;ZZ)Ljava/lang/Object; @ 152 c2
Event: 0.843 Thread 0x000001ebce419a70 DEOPT PACKING pc=0x000001ebdd7a23cc sp=0x000000817bdfc9e0
Event: 0.843 Thread 0x000001ebce419a70 DEOPT UNPACKING pc=0x000001ebdd2323a3 sp=0x000000817bdfc960 mode 2
Event: 0.843 Thread 0x000001ebce419a70 Uncommon trap: trap_request=0xffffffc6 fr.pc=0x000001ebdd7a23cc relative=0x00000000000009cc
Event: 0.843 Thread 0x000001ebce419a70 Uncommon trap: reason=bimorphic_or_optimized_type_check action=maybe_recompile pc=0x000001ebdd7a23cc method=java.util.HashMap.putVal(ILjava/lang/Object;Ljava/lang/Object;ZZ)Ljava/lang/Object; @ 152 c2
Event: 0.843 Thread 0x000001ebce419a70 DEOPT PACKING pc=0x000001ebdd7a23cc sp=0x000000817bdfc9e0
Event: 0.843 Thread 0x000001ebce419a70 DEOPT UNPACKING pc=0x000001ebdd2323a3 sp=0x000000817bdfc960 mode 2
Event: 0.843 Thread 0x000001ebce419a70 Uncommon trap: trap_request=0xffffffc6 fr.pc=0x000001ebdd7a23cc relative=0x00000000000009cc
Event: 0.843 Thread 0x000001ebce419a70 Uncommon trap: reason=bimorphic_or_optimized_type_check action=maybe_recompile pc=0x000001ebdd7a23cc method=java.util.HashMap.putVal(ILjava/lang/Object;Ljava/lang/Object;ZZ)Ljava/lang/Object; @ 152 c2
Event: 0.843 Thread 0x000001ebce419a70 DEOPT PACKING pc=0x000001ebdd7a23cc sp=0x000000817bdfc9e0
Event: 0.843 Thread 0x000001ebce419a70 DEOPT UNPACKING pc=0x000001ebdd2323a3 sp=0x000000817bdfc960 mode 2
Event: 0.843 Thread 0x000001ebce419a70 Uncommon trap: trap_request=0xffffffc6 fr.pc=0x000001ebdd7a23cc relative=0x00000000000009cc
Event: 0.843 Thread 0x000001ebce419a70 Uncommon trap: reason=bimorphic_or_optimized_type_check action=maybe_recompile pc=0x000001ebdd7a23cc method=java.util.HashMap.putVal(ILjava/lang/Object;Ljava/lang/Object;ZZ)Ljava/lang/Object; @ 152 c2
Event: 0.843 Thread 0x000001ebce419a70 DEOPT PACKING pc=0x000001ebdd7a23cc sp=0x000000817bdfc9e0
Event: 0.843 Thread 0x000001ebce419a70 DEOPT UNPACKING pc=0x000001ebdd2323a3 sp=0x000000817bdfc960 mode 2
Event: 0.936 Thread 0x000001ebce419a70 Uncommon trap: trap_request=0xffffff45 fr.pc=0x000001ebdd7a7a88 relative=0x0000000000000888
Event: 0.936 Thread 0x000001ebce419a70 Uncommon trap: reason=unstable_if action=reinterpret pc=0x000001ebdd7a7a88 method=java.util.HashMap.putVal(ILjava/lang/Object;Ljava/lang/Object;ZZ)Ljava/lang/Object; @ 181 c2
Event: 0.936 Thread 0x000001ebce419a70 DEOPT PACKING pc=0x000001ebdd7a7a88 sp=0x000000817bdfe0f0
Event: 0.936 Thread 0x000001ebce419a70 DEOPT UNPACKING pc=0x000001ebdd2323a3 sp=0x000000817bdfe090 mode 2

Classes unloaded (0 events):
No events

Classes redefined (0 events):
No events

Internal exceptions (13 events):
Event: 0.142 Thread 0x000001ebce419a70 Exception <a 'java/lang/ClassNotFoundException'{0x00000000a7bf7200}: sun/awt/resources/spi/awtProvider> (0x00000000a7bf7200) 
thrown [s\open\src\hotspot\share\classfile\systemDictionary.cpp, line 256]
Event: 0.204 Thread 0x000001ebce419a70 Exception <a 'java/io/FileNotFoundException'{0x00000000a7a50bd8}> (0x00000000a7a50bd8) 
thrown [s\open\src\hotspot\share\prims\jni.cpp, line 516]
Event: 0.215 Thread 0x000001ebce419a70 Exception <a 'java/io/FileNotFoundException'{0x00000000a7a7e568}> (0x00000000a7a7e568) 
thrown [s\open\src\hotspot\share\prims\jni.cpp, line 516]
Event: 0.329 Thread 0x000001ebce419a70 Exception <a 'java/lang/NoSuchMethodError'{0x00000000a7ac8f20}: 'java.lang.Object java.lang.invoke.DirectMethodHandle$Holder.invokeStaticInit(java.lang.Object)'> (0x00000000a7ac8f20) 
thrown [s\open\src\hotspot\share\interpreter\linkResolver.cpp, line 759]
Event: 0.388 Thread 0x000001ebce419a70 Exception <a 'java/lang/NoSuchMethodError'{0x00000000a7932360}: 'void java.lang.invoke.DirectMethodHandle$Holder.invokeSpecial(java.lang.Object, java.lang.Object, java.lang.Object)'> (0x00000000a7932360) 
thrown [s\open\src\hotspot\share\interpreter\linkResolver.cpp, line 759]
Event: 0.401 Thread 0x000001ebce419a70 Exception <a 'java/lang/NoSuchMethodError'{0x00000000a795c750}: 'java.lang.Object java.lang.invoke.DirectMethodHandle$Holder.newInvokeSpecial(java.lang.Object, java.lang.Object, java.lang.Object, java.lang.Object, java.lang.Object)'> (0x00000000a795c750) 
thrown [s\open\src\hotspot\share\interpreter\linkResolver.cpp, line 759]
Event: 0.403 Thread 0x000001ebce419a70 Exception <a 'java/lang/NoSuchMethodError'{0x00000000a7968398}: 'java.lang.Object java.lang.invoke.DirectMethodHandle$Holder.invokeStatic(java.lang.Object, int, java.lang.Object, java.lang.Object, java.lang.Object, java.lang.Object)'> (0x00000000a7968398) 
thrown [s\open\src\hotspot\share\interpreter\linkResolver.cpp, line 759]
Event: 0.409 Thread 0x000001ebce419a70 Exception <a 'java/lang/NoSuchMethodError'{0x00000000a798de88}: 'java.lang.Object java.lang.invoke.DirectMethodHandle$Holder.invokeStatic(java.lang.Object, int, java.lang.Object)'> (0x00000000a798de88) 
thrown [s\open\src\hotspot\share\interpreter\linkResolver.cpp, line 759]
Event: 0.455 Thread 0x000001ebce419a70 Exception <a 'java/lang/ClassNotFoundException'{0x00000000a7846958}: com/sun/swing/internal/plaf/metal/resources/spi/metalProvider> (0x00000000a7846958) 
thrown [s\open\src\hotspot\share\classfile\systemDictionary.cpp, line 256]
Event: 0.457 Thread 0x000001ebce419a70 Exception <a 'java/lang/ClassNotFoundException'{0x00000000a784a7e0}: com/sun/swing/internal/plaf/basic/resources/spi/basicProvider> (0x00000000a784a7e0) 
thrown [s\open\src\hotspot\share\classfile\systemDictionary.cpp, line 256]
Event: 0.562 Thread 0x000001ebea523090 Exception <a 'java/lang/NoSuchMethodError'{0x00000000a77fef78}: 'java.lang.Object java.lang.invoke.DirectMethodHandle$Holder.newInvokeSpecial(java.lang.Object, java.lang.Object, java.lang.Object, int, int, int, int, int)'> (0x00000000a77fef78) 
thrown [s\open\src\hotspot\share\interpreter\linkResolver.cpp, line 759]
Event: 0.806 Thread 0x000001ebce419a70 Exception <a 'java/lang/NoSuchMethodError'{0x00000000a7b7ee88}: 'void java.lang.invoke.DirectMethodHandle$Holder.invokeStaticInit(java.lang.Object)'> (0x00000000a7b7ee88) 
thrown [s\open\src\hotspot\share\interpreter\linkResolver.cpp, line 759]
Event: 0.977 Thread 0x000001ebea526a50 Exception <a 'java/lang/NoSuchMethodError'{0x00000000a7b62e60}: 'void java.lang.invoke.DirectMethodHandle$Holder.invokeVirtual(java.lang.Object, java.lang.Object)'> (0x00000000a7b62e60) 
thrown [s\open\src\hotspot\share\interpreter\linkResolver.cpp, line 759]

VM Operations (20 events):
Event: 1.984 Executing VM operation: Cleanup
Event: 1.984 Executing VM operation: Cleanup done
Event: 2.986 Executing VM operation: Cleanup
Event: 2.986 Executing VM operation: Cleanup done
Event: 4.999 Executing VM operation: Cleanup
Event: 4.999 Executing VM operation: Cleanup done
Event: 8.021 Executing VM operation: Cleanup
Event: 8.021 Executing VM operation: Cleanup done
Event: 11.046 Executing VM operation: Cleanup
Event: 11.046 Executing VM operation: Cleanup done
Event: 14.067 Executing VM operation: Cleanup
Event: 14.067 Executing VM operation: Cleanup done
Event: 20.117 Executing VM operation: Cleanup
Event: 20.117 Executing VM operation: Cleanup done
Event: 22.132 Executing VM operation: Cleanup
Event: 22.132 Executing VM operation: Cleanup done
Event: 31.197 Executing VM operation: Cleanup
Event: 31.197 Executing VM operation: Cleanup done
Event: 32.212 Executing VM operation: Cleanup
Event: 32.212 Executing VM operation: Cleanup done

Events (20 events):
Event: 1.767 loading class java/awt/event/MouseEvent$1 done
Event: 1.768 loading class java/awt/Cursor$CursorDisposer
Event: 1.768 loading class java/awt/Cursor$CursorDisposer done
Event: 1.768 loading class java/awt/Container$MouseEventTargetFilter
Event: 1.768 loading class java/awt/Container$EventTargetFilter
Event: 1.768 loading class java/awt/Container$EventTargetFilter done
Event: 1.768 loading class java/awt/Container$MouseEventTargetFilter done
Event: 1.768 loading class java/awt/LightweightDispatcher$1
Event: 1.768 loading class java/awt/LightweightDispatcher$1 done
Event: 1.768 loading class java/awt/event/AWTEventListenerProxy
Event: 1.769 loading class java/awt/event/AWTEventListenerProxy done
Event: 1.769 loading class java/awt/Toolkit$SelectiveAWTEventListener
Event: 1.769 loading class java/awt/Toolkit$SelectiveAWTEventListener done
Event: 1.769 loading class java/awt/Toolkit$ToolkitEventMulticaster
Event: 1.769 loading class java/awt/Toolkit$ToolkitEventMulticaster done
Event: 1.769 loading class java/awt/event/MouseWheelEvent
Event: 1.769 loading class java/awt/event/MouseWheelEvent done
Event: 2.046 loading class java/awt/LightweightDispatcher$2
Event: 2.046 loading class java/awt/LightweightDispatcher$2 done
Event: 5.755 Thread 0x000001ebea523090 Thread exited: 0x000001ebea523090


Dynamic libraries:
0x00007ff7403e0000 - 0x00007ff7403f0000 	C:\Program Files\Java\jdk-17\bin\javaw.exe
0x00007ffa74cd0000 - 0x00007ffa74ec8000 	C:\Windows\SYSTEM32\ntdll.dll
0x00007ffa72d30000 - 0x00007ffa72def000 	C:\Windows\System32\KERNEL32.DLL
0x00007ffa72580000 - 0x00007ffa7285a000 	C:\Windows\System32\KERNELBASE.dll
0x00007ffa72860000 - 0x00007ffa72960000 	C:\Windows\System32\ucrtbase.dll
0x00007ffa52af0000 - 0x00007ffa52b08000 	C:\Program Files\Java\jdk-17\bin\jli.dll
0x00007ffa745c0000 - 0x00007ffa7466e000 	C:\Windows\System32\ADVAPI32.dll
0x00007ffa73e10000 - 0x00007ffa73eae000 	C:\Windows\System32\msvcrt.dll
0x00007ffa737c0000 - 0x00007ffa7385c000 	C:\Windows\System32\sechost.dll
0x00007ffa742d0000 - 0x00007ffa743f6000 	C:\Windows\System32\RPCRT4.dll
0x00007ffa74880000 - 0x00007ffa74a1d000 	C:\Windows\System32\USER32.dll
0x00007ffa723e0000 - 0x00007ffa72402000 	C:\Windows\System32\win32u.dll
0x00007ffa74850000 - 0x00007ffa7487b000 	C:\Windows\System32\GDI32.dll
0x00007ffa72c20000 - 0x00007ffa72d30000 	C:\Windows\System32\gdi32full.dll
0x00007ffa72ac0000 - 0x00007ffa72b5d000 	C:\Windows\System32\msvcp_win.dll
0x00007ffa52ab0000 - 0x00007ffa52acb000 	C:\Program Files\Java\jdk-17\bin\VCRUNTIME140.dll
0x00007ffa62a30000 - 0x00007ffa62cca000 	C:\Windows\WinSxS\amd64_microsoft.windows.common-controls_6595b64144ccf1df_6.0.19041.1110_none_60b5254171f9507e\COMCTL32.dll
0x00007ffa64b30000 - 0x00007ffa64b3a000 	C:\Windows\SYSTEM32\VERSION.dll
0x00007ffa742a0000 - 0x00007ffa742d0000 	C:\Windows\System32\IMM32.DLL
0x00007ffa6cb50000 - 0x00007ffa6cb5c000 	C:\Program Files\Java\jdk-17\bin\vcruntime140_1.dll
0x00007ffa49f70000 - 0x00007ffa49ffe000 	C:\Program Files\Java\jdk-17\bin\msvcp140.dll
0x00007ffa3e590000 - 0x00007ffa3f167000 	C:\Program Files\Java\jdk-17\bin\server\jvm.dll
0x00007ffa74400000 - 0x00007ffa74408000 	C:\Windows\System32\PSAPI.DLL
0x00007ffa5f480000 - 0x00007ffa5f489000 	C:\Windows\SYSTEM32\WSOCK32.dll
0x00007ffa73930000 - 0x00007ffa7399b000 	C:\Windows\System32\WS2_32.dll
0x00007ffa62e10000 - 0x00007ffa62e37000 	C:\Windows\SYSTEM32\WINMM.dll
0x00007ffa702a0000 - 0x00007ffa702b2000 	C:\Windows\SYSTEM32\kernel.appcore.dll
0x00007ffa6ca40000 - 0x00007ffa6ca4a000 	C:\Program Files\Java\jdk-17\bin\jimage.dll
0x00007ffa5bbe0000 - 0x00007ffa5bdc4000 	C:\Windows\SYSTEM32\DBGHELP.DLL
0x00007ffa5a8e0000 - 0x00007ffa5a914000 	C:\Windows\SYSTEM32\dbgcore.DLL
0x00007ffa72440000 - 0x00007ffa724c2000 	C:\Windows\System32\bcryptPrimitives.dll
0x00007ffa51ed0000 - 0x00007ffa51ef5000 	C:\Program Files\Java\jdk-17\bin\java.dll
0x00007ffa47250000 - 0x00007ffa47327000 	C:\Program Files\Java\jdk-17\bin\jsvml.dll
0x00007ffa72df0000 - 0x00007ffa73534000 	C:\Windows\System32\SHELL32.dll
0x00007ffa704a0000 - 0x00007ffa70c33000 	C:\Windows\SYSTEM32\windows.storage.dll
0x00007ffa73f40000 - 0x00007ffa74294000 	C:\Windows\System32\combase.dll
0x00007ffa71e40000 - 0x00007ffa71e6e000 	C:\Windows\SYSTEM32\Wldp.dll
0x00007ffa736b0000 - 0x00007ffa7375d000 	C:\Windows\System32\SHCORE.dll
0x00007ffa738c0000 - 0x00007ffa73915000 	C:\Windows\System32\shlwapi.dll
0x00007ffa72320000 - 0x00007ffa7233f000 	C:\Windows\SYSTEM32\profapi.dll
0x00007ffa45450000 - 0x00007ffa455e1000 	C:\Program Files\Java\jdk-17\bin\awt.dll
0x00007ffa73560000 - 0x00007ffa7362d000 	C:\Windows\System32\OLEAUT32.dll
0x00007ffa6f5c0000 - 0x00007ffa6f650000 	C:\Windows\SYSTEM32\apphelp.dll
0x00007ffa700c0000 - 0x00007ffa700ef000 	C:\Windows\system32\DWMAPI.DLL
0x00007ffa6f700000 - 0x00007ffa6f79e000 	C:\Windows\system32\uxtheme.dll
0x00007ffa530d0000 - 0x00007ffa531f5000 	C:\Windows\system32\opengl32.dll
0x00007ffa530a0000 - 0x00007ffa530cc000 	C:\Windows\SYSTEM32\GLU32.dll
0x00007ffa74720000 - 0x00007ffa74834000 	C:\Windows\System32\MSCTF.dll
0x00007ffa74a80000 - 0x00007ffa74baa000 	C:\Windows\System32\ole32.dll
0x00007ffa4f170000 - 0x00007ffa4f188000 	C:\Program Files\Java\jdk-17\bin\zip.dll
0x00007ffa4de10000 - 0x00007ffa4de96000 	C:\Program Files\Java\jdk-17\bin\freetype.dll
0x00007ffa45230000 - 0x00007ffa452f5000 	C:\Program Files\Java\jdk-17\bin\fontmanager.dll
0x00007ffa74670000 - 0x00007ffa74719000 	C:\Windows\System32\clbcatq.dll
0x00007ffa69b20000 - 0x00007ffa69cd4000 	C:\Windows\SYSTEM32\WindowsCodecs.dll
0x00007ffa72410000 - 0x00007ffa72437000 	C:\Windows\System32\bcrypt.dll
0x00007ffa4d9a0000 - 0x00007ffa4d9de000 	C:\Windows\system32\dataexchange.dll
0x00007ffa6e1b0000 - 0x00007ffa6e413000 	C:\Windows\system32\d3d11.dll
0x00007ffa6e9e0000 - 0x00007ffa6ebc3000 	C:\Windows\system32\dcomp.dll
0x00007ffa70ca0000 - 0x00007ffa70d93000 	C:\Windows\system32\dxgi.dll
0x00007ffa6a760000 - 0x00007ffa6a960000 	C:\Windows\system32\twinapi.appcore.dll
0x00007ffa51eb0000 - 0x00007ffa51ec9000 	C:\Program Files\Java\jdk-17\bin\net.dll
0x00007ffa693d0000 - 0x00007ffa694da000 	C:\Windows\SYSTEM32\WINHTTP.dll
0x00007ffa71ba0000 - 0x00007ffa71c0a000 	C:\Windows\system32\mswsock.dll
0x00007ffa51e60000 - 0x00007ffa51e76000 	C:\Program Files\Java\jdk-17\bin\nio.dll
0x00007ffa57ed0000 - 0x00007ffa57fc9000 	C:\Windows\SYSTEM32\textinputframework.dll
0x00007ffa6ecb0000 - 0x00007ffa6f00e000 	C:\Windows\System32\CoreUIComponents.dll
0x00007ffa6f390000 - 0x00007ffa6f482000 	C:\Windows\System32\CoreMessaging.dll
0x00007ffa71570000 - 0x00007ffa715a3000 	C:\Windows\SYSTEM32\ntmarta.dll
0x00007ffa6dbf0000 - 0x00007ffa6dd44000 	C:\Windows\SYSTEM32\wintypes.dll

dbghelp: loaded successfully - version: 4.0.5 - missing functions: none
symbol engine: initialized successfully - sym options: 0x614 - pdb path: .;C:\Program Files\Java\jdk-17\bin;C:\Windows\SYSTEM32;C:\Windows\WinSxS\amd64_microsoft.windows.common-controls_6595b64144ccf1df_6.0.19041.1110_none_60b5254171f9507e;C:\Program Files\Java\jdk-17\bin\server

VM Arguments:
jvm_args: -Dfile.encoding=UTF-8 -XX:+ShowCodeDetailsInExceptionMessages 
java_command: test.Main
java_class_path (initial): D:\thuong\DALTHDT\Nhom11\Program\bin
Launcher Type: SUN_STANDARD

[Global flags]
     intx CICompilerCount                          = 2                                         {product} {ergonomic}
     uint ConcGCThreads                            = 1                                         {product} {ergonomic}
     uint G1ConcRefinementThreads                  = 2                                         {product} {ergonomic}
   size_t G1HeapRegionSize                         = 1048576                                   {product} {ergonomic}
    uintx GCDrainStackTargetSize                   = 64                                        {product} {ergonomic}
   size_t InitialHeapSize                          = 100663296                                 {product} {ergonomic}
   size_t MarkStackSize                            = 4194304                                   {product} {ergonomic}
   size_t MaxHeapSize                              = 1581252608                                {product} {ergonomic}
   size_t MaxNewSize                               = 947912704                                 {product} {ergonomic}
   size_t MinHeapDeltaBytes                        = 1048576                                   {product} {ergonomic}
   size_t MinHeapSize                              = 8388608                                   {product} {ergonomic}
    uintx NonNMethodCodeHeapSize                   = 5826188                                {pd product} {ergonomic}
    uintx NonProfiledCodeHeapSize                  = 122916026                              {pd product} {ergonomic}
    uintx ProfiledCodeHeapSize                     = 122916026                              {pd product} {ergonomic}
    uintx ReservedCodeCacheSize                    = 251658240                              {pd product} {ergonomic}
     bool SegmentedCodeCache                       = true                                      {product} {ergonomic}
     bool ShowCodeDetailsInExceptionMessages       = true                                   {manageable} {command line}
   size_t SoftMaxHeapSize                          = 1581252608                             {manageable} {ergonomic}
     bool UseCompressedClassPointers               = true                           {product lp64_product} {ergonomic}
     bool UseCompressedOops                        = true                           {product lp64_product} {ergonomic}
     bool UseG1GC                                  = true                                      {product} {ergonomic}
     bool UseLargePagesIndividualAllocation        = false                                  {pd product} {ergonomic}

Logging:
Log output configuration:
 #0: stdout all=warning uptime,level,tags
 #1: stderr all=off uptime,level,tags

Environment Variables:
PATH=C:\app\oracle\product\19c\db_home\bin;C:\Program Files\Common Files\Oracle\Java\javapath;C:\Windows\system32;C:\Windows;C:\Windows\System32\Wbem;C:\Windows\System32\WindowsPowerShell\v1.0\;C:\Windows\System32\OpenSSH\;C:\Program Files (x86)\Microsoft SQL Server\160\Tools\Binn\;C:\Program Files\Microsoft SQL Server\160\Tools\Binn\;C:\Program Files\Microsoft SQL Server\Client SDK\ODBC\170\Tools\Binn\;C:\Program Files\Microsoft SQL Server\160\DTS\Binn\;C:\Program Files\Azure Data Studio\bin;C:\Program Files\Git\cmd;C:\Users\nguye\AppData\Local\Microsoft\WindowsApps;C:\Program Files\Azure Data Studio\bin;C:\Users\nguye\AppData\Local\Programs\Microsoft VS Code\bin
USERNAME=nguye
OS=Windows_NT
PROCESSOR_IDENTIFIER=Intel64 Family 6 Model 60 Stepping 3, GenuineIntel



---------------  S Y S T E M  ---------------

OS:
 Windows 10 , 64 bit Build 19041 (10.0.19041.2788)
OS uptime: 1 days 7:20 hours

CPU: total 2 (initial active 2) (2 cores per cpu, 2 threads per core) family 6 model 60 stepping 3 microcode 0x27, cx8, cmov, fxsr, ht, mmx, sse, sse2, sse3, ssse3, sse4.1, sse4.2, popcnt, lzcnt, tsc, tscinvbit, avx, avx2, aes, erms, clmul, bmi1, bmi2, fma, vzeroupper, clflush

Memory: 4k page, system-wide physical 6025M (456M free)
TotalPageFile size 13456M (AvailPageFile size 0M)
current process WorkingSet (physical memory assigned to process): 63M, peak: 67M
current process commit charge ("private bytes"): 178M, peak: 182M

vm_info: Java HotSpot(TM) 64-Bit Server VM (17.0.6+9-LTS-190) for windows-amd64 JRE (17.0.6+9-LTS-190), built on Dec  6 2022 15:53:54 by "mach5one" with MS VC++ 17.1 (VS2022)

END.
